<?xml version="1.0" encoding="utf-8"?>
<CoverageSession xmlns:xsd="http://www.w3.org/2001/XMLSchema" xmlns:xsi="http://www.w3.org/2001/XMLSchema-instance" Version="4.6.0.0">
  <Summary numSequencePoints="1471" visitedSequencePoints="152" numBranchPoints="453" visitedBranchPoints="43" sequenceCoverage="10.33" branchCoverage="9.49" maxCyclomaticComplexity="10" minCyclomaticComplexity="1" maxCrapScore="110" minCrapScore="1" visitedClasses="7" numClasses="76" visitedMethods="22" numMethods="231" />
  <Modules>
    <Module hash="8A-B2-ED-C8-36-83-69-EA-24-5B-1C-DA-ED-C1-15-61-01-13-BE-4B">
      <Summary numSequencePoints="316" visitedSequencePoints="54" numBranchPoints="62" visitedBranchPoints="6" sequenceCoverage="17.09" branchCoverage="9.68" maxCyclomaticComplexity="3" minCyclomaticComplexity="1" maxCrapScore="12" minCrapScore="1" visitedClasses="2" numClasses="26" visitedMethods="6" numMethods="62" />
      <ModulePath>D:\Documents\Visual Studio 2017\Projects\SQLFitness\SQLFitnessTests\bin\Debug\SQLFitnessTests.dll</ModulePath>
      <ModuleTime>2018-03-08T07:00:51.6326075Z</ModuleTime>
      <ModuleName>SQLFitnessTests</ModuleName>
      <Files>
        <File uid="1" fullPath="D:\Documents\Visual Studio 2017\Projects\SQLFitness\SQLFitnessTests\FlatGenome\TestFlatIndividual.cs" />
        <File uid="3" fullPath="D:\Documents\Visual Studio 2017\Projects\SQLFitness\SQLFitnessTests\FlatGenome\TestPopulation.cs" />
        <File uid="7" fullPath="D:\Documents\Visual Studio 2017\Projects\SQLFitness\SQLFitnessTests\TreeGenome\AddBranchBuilderTests.cs" />
        <File uid="9" fullPath="D:\Documents\Visual Studio 2017\Projects\SQLFitness\SQLFitnessTests\TreeGenome\DuplicateCounterTests.cs" />
        <File uid="11" fullPath="D:\Documents\Visual Studio 2017\Projects\SQLFitness\SQLFitnessTests\TreeGenome\SQLWalkerTests.cs" />
        <File uid="13" fullPath="D:\Documents\Visual Studio 2017\Projects\SQLFitness\SQLFitnessTests\TreeGenome\MutateWalkerTests.cs" />
        <File uid="15" fullPath="D:\Documents\Visual Studio 2017\Projects\SQLFitness\SQLFitnessTests\TreeGenome\PredicateNodeTests.cs" />
        <File uid="17" fullPath="D:\Documents\Visual Studio 2017\Projects\SQLFitness\SQLFitnessTests\TreeGenome\RandomBuilderTests.cs" />
        <File uid="19" fullPath="D:\Documents\Visual Studio 2017\Projects\SQLFitness\SQLFitnessTests\DistinctTests.cs" />
        <File uid="21" fullPath="D:\Documents\Visual Studio 2017\Projects\SQLFitness\SQLFitnessTests\TreeGenome\StepwiseColumnRepairTests.cs" />
        <File uid="23" fullPath="D:\Documents\Visual Studio 2017\Projects\SQLFitness\SQLFitnessTests\TreeGenome\ColumnRepairTests.cs" />
        <File uid="25" fullPath="D:\Documents\Visual Studio 2017\Projects\SQLFitness\SQLFitnessTests\TreeGenome\TreeVisualiserTests.cs" />
      </Files>
      <Classes>
        <Class>
          <Summary numSequencePoints="7" visitedSequencePoints="0" numBranchPoints="3" visitedBranchPoints="0" sequenceCoverage="0" branchCoverage="0" maxCyclomaticComplexity="2" minCyclomaticComplexity="1" maxCrapScore="6" minCrapScore="2" visitedClasses="0" numClasses="1" visitedMethods="0" numMethods="3" />
          <FullName>SQLFitness.TestChromosome</FullName>
          <Methods>
            <Method visited="false" cyclomaticComplexity="2" nPathComplexity="0" sequenceCoverage="0" branchCoverage="0" crapScore="6" isConstructor="false" isStatic="false" isGetter="false" isSetter="false">
              <Summary numSequencePoints="1" visitedSequencePoints="0" numBranchPoints="1" visitedBranchPoints="0" sequenceCoverage="0" branchCoverage="0" maxCyclomaticComplexity="2" minCyclomaticComplexity="2" maxCrapScore="6" minCrapScore="6" visitedClasses="0" numClasses="0" visitedMethods="0" numMethods="1" />
              <MetadataToken>100663297</MetadataToken>
              <Name>SQLFitness.FlatIndividual SQLFitness.TestChromosome::_individualBuilder(System.String,System.String)</Name>
              <FileRef uid="1" />
              <SequencePoints>
                <SequencePoint vc="0" uspid="1" ordinal="0" offset="0" sl="15" sc="29" el="15" ec="114" bec="0" bev="0" fileid="1" />
              </SequencePoints>
              <BranchPoints />
              <MethodPoint xsi:type="SequencePoint" vc="0" uspid="1" ordinal="0" offset="0" sl="15" sc="29" el="15" ec="114" bec="0" bev="0" fileid="1" />
            </Method>
            <Method visited="false" cyclomaticComplexity="1" nPathComplexity="0" sequenceCoverage="0" branchCoverage="0" crapScore="2" isConstructor="false" isStatic="false" isGetter="false" isSetter="false">
              <Summary numSequencePoints="1" visitedSequencePoints="0" numBranchPoints="1" visitedBranchPoints="0" sequenceCoverage="0" branchCoverage="0" maxCyclomaticComplexity="1" minCyclomaticComplexity="1" maxCrapScore="2" minCrapScore="2" visitedClasses="0" numClasses="0" visitedMethods="0" numMethods="1" />
              <MetadataToken>100663298</MetadataToken>
              <Name>System.Void SQLFitness.TestChromosome::SetupIndividual()</Name>
              <FileRef uid="1" />
              <SequencePoints>
                <SequencePoint vc="0" uspid="4" ordinal="0" offset="0" sl="19" sc="42" el="19" ec="94" bec="0" bev="0" fileid="1" />
              </SequencePoints>
              <BranchPoints />
              <MethodPoint xsi:type="SequencePoint" vc="0" uspid="4" ordinal="0" offset="0" sl="19" sc="42" el="19" ec="94" bec="0" bev="0" fileid="1" />
            </Method>
            <Method visited="false" cyclomaticComplexity="2" nPathComplexity="0" sequenceCoverage="0" branchCoverage="0" crapScore="6" isConstructor="false" isStatic="false" isGetter="false" isSetter="false">
              <Summary numSequencePoints="5" visitedSequencePoints="0" numBranchPoints="1" visitedBranchPoints="0" sequenceCoverage="0" branchCoverage="0" maxCyclomaticComplexity="2" minCyclomaticComplexity="2" maxCrapScore="6" minCrapScore="6" visitedClasses="0" numClasses="0" visitedMethods="0" numMethods="1" />
              <MetadataToken>100663299</MetadataToken>
              <Name>System.Void SQLFitness.TestChromosome::IndividualCrosses()</Name>
              <FileRef uid="1" />
              <SequencePoints>
                <SequencePoint vc="0" uspid="5" ordinal="0" offset="0" sl="23" sc="9" el="23" ec="10" bec="0" bev="0" fileid="1" />
                <SequencePoint vc="0" uspid="6" ordinal="1" offset="1" sl="24" sc="13" el="24" ec="71" bec="0" bev="0" fileid="1" />
                <SequencePoint vc="0" uspid="7" ordinal="2" offset="18" sl="25" sc="13" el="25" ec="81" bec="0" bev="0" fileid="1" />
                <SequencePoint vc="0" uspid="8" ordinal="3" offset="41" sl="26" sc="13" el="26" ec="79" bec="0" bev="0" fileid="1" />
                <SequencePoint vc="0" uspid="9" ordinal="4" offset="74" sl="27" sc="9" el="27" ec="10" bec="0" bev="0" fileid="1" />
              </SequencePoints>
              <BranchPoints />
              <MethodPoint xsi:type="SequencePoint" vc="0" uspid="5" ordinal="0" offset="0" sl="23" sc="9" el="23" ec="10" bec="0" bev="0" fileid="1" />
            </Method>
            <Method visited="false" cyclomaticComplexity="1" nPathComplexity="0" sequenceCoverage="0" branchCoverage="0" crapScore="2" isConstructor="true" isStatic="false" isGetter="false" isSetter="false">
              <Summary numSequencePoints="0" visitedSequencePoints="0" numBranchPoints="0" visitedBranchPoints="0" sequenceCoverage="0" branchCoverage="0" maxCyclomaticComplexity="1" minCyclomaticComplexity="1" maxCrapScore="2" minCrapScore="2" visitedClasses="0" numClasses="0" visitedMethods="0" numMethods="0" />
              <MetadataToken>100663300</MetadataToken>
              <Name>System.Void SQLFitness.TestChromosome::.ctor()</Name>
              <SequencePoints />
              <BranchPoints />
              <MethodPoint vc="0" uspid="12" ordinal="0" offset="0" />
            </Method>
          </Methods>
        </Class>
        <Class>
          <Summary numSequencePoints="1" visitedSequencePoints="0" numBranchPoints="1" visitedBranchPoints="0" sequenceCoverage="0" branchCoverage="0" maxCyclomaticComplexity="1" minCyclomaticComplexity="1" maxCrapScore="2" minCrapScore="2" visitedClasses="0" numClasses="1" visitedMethods="0" numMethods="1" />
          <FullName>SQLFitness.TestChromosome/&lt;&gt;c</FullName>
          <Methods>
            <Method visited="false" cyclomaticComplexity="1" nPathComplexity="0" sequenceCoverage="0" branchCoverage="0" crapScore="2" isConstructor="true" isStatic="true" isGetter="false" isSetter="false">
              <Summary numSequencePoints="0" visitedSequencePoints="0" numBranchPoints="0" visitedBranchPoints="0" sequenceCoverage="0" branchCoverage="0" maxCyclomaticComplexity="1" minCyclomaticComplexity="1" maxCrapScore="2" minCrapScore="2" visitedClasses="0" numClasses="0" visitedMethods="0" numMethods="0" />
              <MetadataToken>100663354</MetadataToken>
              <Name>System.Void SQLFitness.TestChromosome/&lt;&gt;c::.cctor()</Name>
              <SequencePoints />
              <BranchPoints />
              <MethodPoint vc="0" uspid="13" ordinal="0" offset="0" />
            </Method>
            <Method visited="false" cyclomaticComplexity="1" nPathComplexity="0" sequenceCoverage="0" branchCoverage="0" crapScore="2" isConstructor="true" isStatic="false" isGetter="false" isSetter="false">
              <Summary numSequencePoints="0" visitedSequencePoints="0" numBranchPoints="0" visitedBranchPoints="0" sequenceCoverage="0" branchCoverage="0" maxCyclomaticComplexity="1" minCyclomaticComplexity="1" maxCrapScore="2" minCrapScore="2" visitedClasses="0" numClasses="0" visitedMethods="0" numMethods="0" />
              <MetadataToken>100663355</MetadataToken>
              <Name>System.Void SQLFitness.TestChromosome/&lt;&gt;c::.ctor()</Name>
              <SequencePoints />
              <BranchPoints />
              <MethodPoint vc="0" uspid="14" ordinal="0" offset="0" />
            </Method>
            <Method visited="false" cyclomaticComplexity="1" nPathComplexity="0" sequenceCoverage="0" branchCoverage="0" crapScore="2" isConstructor="false" isStatic="false" isGetter="false" isSetter="false">
              <Summary numSequencePoints="1" visitedSequencePoints="0" numBranchPoints="1" visitedBranchPoints="0" sequenceCoverage="0" branchCoverage="0" maxCyclomaticComplexity="1" minCyclomaticComplexity="1" maxCrapScore="2" minCrapScore="2" visitedClasses="0" numClasses="0" visitedMethods="0" numMethods="1" />
              <MetadataToken>100663356</MetadataToken>
              <Name>System.Collections.Generic.List`1&lt;System.Object&gt; SQLFitness.TestChromosome/&lt;&gt;c::&lt;_individualBuilder&gt;b__0_0(System.String)</Name>
              <FileRef uid="1" />
              <SequencePoints>
                <SequencePoint vc="0" uspid="15" ordinal="0" offset="0" sl="15" sc="85" el="15" ec="113" bec="0" bev="0" fileid="1" />
              </SequencePoints>
              <BranchPoints />
              <MethodPoint xsi:type="SequencePoint" vc="0" uspid="15" ordinal="0" offset="0" sl="15" sc="85" el="15" ec="113" bec="0" bev="0" fileid="1" />
            </Method>
          </Methods>
        </Class>
        <Class>
          <Summary numSequencePoints="32" visitedSequencePoints="0" numBranchPoints="4" visitedBranchPoints="0" sequenceCoverage="0" branchCoverage="0" maxCyclomaticComplexity="3" minCyclomaticComplexity="1" maxCrapScore="12" minCrapScore="2" visitedClasses="0" numClasses="1" visitedMethods="0" numMethods="4" />
          <FullName>SQLFitness.TestPopulation</FullName>
          <Methods>
            <Method visited="false" cyclomaticComplexity="1" nPathComplexity="0" sequenceCoverage="0" branchCoverage="0" crapScore="2" isConstructor="false" isStatic="true" isGetter="false" isSetter="false">
              <Summary numSequencePoints="5" visitedSequencePoints="0" numBranchPoints="1" visitedBranchPoints="0" sequenceCoverage="0" branchCoverage="0" maxCyclomaticComplexity="1" minCyclomaticComplexity="1" maxCrapScore="2" minCrapScore="2" visitedClasses="0" numClasses="0" visitedMethods="0" numMethods="1" />
              <MetadataToken>100663301</MetadataToken>
              <Name>SQLFitness.StubIndividual SQLFitness.TestPopulation::individualFactory(System.Double,System.Collections.Generic.List`1&lt;System.String&gt;,System.Func`2&lt;System.String,System.Collections.Generic.List`1&lt;System.Object&gt;&gt;)</Name>
              <FileRef uid="3" />
              <SequencePoints>
                <SequencePoint vc="0" uspid="16" ordinal="0" offset="0" sl="25" sc="9" el="25" ec="10" bec="0" bev="0" fileid="3" />
                <SequencePoint vc="0" uspid="17" ordinal="1" offset="1" sl="26" sc="13" el="26" ec="81" bec="0" bev="0" fileid="3" />
                <SequencePoint vc="0" uspid="18" ordinal="2" offset="9" sl="27" sc="13" el="27" ec="43" bec="0" bev="0" fileid="3" />
                <SequencePoint vc="0" uspid="19" ordinal="3" offset="22" sl="28" sc="13" el="28" ec="32" bec="0" bev="0" fileid="3" />
                <SequencePoint vc="0" uspid="20" ordinal="4" offset="26" sl="29" sc="9" el="29" ec="10" bec="0" bev="0" fileid="3" />
              </SequencePoints>
              <BranchPoints />
              <MethodPoint xsi:type="SequencePoint" vc="0" uspid="16" ordinal="0" offset="0" sl="25" sc="9" el="25" ec="10" bec="0" bev="0" fileid="3" />
            </Method>
            <Method visited="false" cyclomaticComplexity="3" nPathComplexity="0" sequenceCoverage="0" branchCoverage="0" crapScore="12" isConstructor="false" isStatic="false" isGetter="false" isSetter="false">
              <Summary numSequencePoints="12" visitedSequencePoints="0" numBranchPoints="1" visitedBranchPoints="0" sequenceCoverage="0" branchCoverage="0" maxCyclomaticComplexity="3" minCyclomaticComplexity="3" maxCrapScore="12" minCrapScore="12" visitedClasses="0" numClasses="0" visitedMethods="0" numMethods="1" />
              <MetadataToken>100663302</MetadataToken>
              <Name>System.Void SQLFitness.TestPopulation::SetupPopulation()</Name>
              <FileRef uid="3" />
              <SequencePoints>
                <SequencePoint vc="0" uspid="21" ordinal="0" offset="0" sl="33" sc="9" el="33" ec="10" bec="0" bev="0" fileid="3" />
                <SequencePoint vc="0" uspid="22" ordinal="1" offset="1" sl="34" sc="13" el="34" ec="76" bec="0" bev="0" fileid="3" />
                <SequencePoint vc="0" uspid="23" ordinal="2" offset="31" sl="35" sc="13" el="35" ec="112" bec="0" bev="0" fileid="3" />
                <SequencePoint vc="0" uspid="24" ordinal="3" offset="63" sl="36" sc="13" el="36" ec="44" bec="0" bev="0" fileid="3" />
                <SequencePoint vc="0" uspid="25" ordinal="4" offset="74" sl="37" sc="13" el="37" ec="20" bec="0" bev="0" fileid="3" />
                <SequencePoint vc="0" uspid="26" ordinal="5" offset="75" sl="37" sc="31" el="37" ec="39" bec="0" bev="0" fileid="3" />
                <SequencePoint vc="0" uspid="27" ordinal="6" offset="88" sl="37" sc="22" el="37" ec="27" bec="0" bev="0" fileid="3" />
                <SequencePoint vc="0" uspid="28" ordinal="7" offset="96" sl="38" sc="13" el="38" ec="14" bec="0" bev="0" fileid="3" />
                <SequencePoint vc="0" uspid="29" ordinal="8" offset="97" sl="39" sc="17" el="39" ec="84" bec="0" bev="0" fileid="3" />
                <SequencePoint vc="0" uspid="30" ordinal="9" offset="116" sl="40" sc="13" el="40" ec="14" bec="0" bev="0" fileid="3" />
                <SequencePoint vc="0" uspid="31" ordinal="10" offset="117" sl="37" sc="28" el="37" ec="30" bec="0" bev="0" fileid="3" />
                <SequencePoint vc="0" uspid="32" ordinal="11" offset="143" sl="41" sc="9" el="41" ec="10" bec="0" bev="0" fileid="3" />
              </SequencePoints>
              <BranchPoints />
              <MethodPoint xsi:type="SequencePoint" vc="0" uspid="21" ordinal="0" offset="0" sl="33" sc="9" el="33" ec="10" bec="0" bev="0" fileid="3" />
            </Method>
            <Method visited="false" cyclomaticComplexity="1" nPathComplexity="0" sequenceCoverage="0" branchCoverage="0" crapScore="2" isConstructor="false" isStatic="false" isGetter="false" isSetter="false">
              <Summary numSequencePoints="13" visitedSequencePoints="0" numBranchPoints="1" visitedBranchPoints="0" sequenceCoverage="0" branchCoverage="0" maxCyclomaticComplexity="1" minCyclomaticComplexity="1" maxCrapScore="2" minCrapScore="2" visitedClasses="0" numClasses="0" visitedMethods="0" numMethods="1" />
              <MetadataToken>100663303</MetadataToken>
              <Name>System.Void SQLFitness.TestPopulation::TestSort()</Name>
              <FileRef uid="3" />
              <SequencePoints>
                <SequencePoint vc="0" uspid="37" ordinal="0" offset="0" sl="44" sc="9" el="44" ec="10" bec="0" bev="0" fileid="3" />
                <SequencePoint vc="0" uspid="38" ordinal="1" offset="1" sl="46" sc="13" el="46" ec="44" bec="0" bev="0" fileid="3" />
                <SequencePoint vc="0" uspid="39" ordinal="2" offset="12" sl="47" sc="13" el="47" ec="56" bec="0" bev="0" fileid="3" />
                <SequencePoint vc="0" uspid="40" ordinal="3" offset="27" sl="48" sc="13" el="48" ec="55" bec="0" bev="0" fileid="3" />
                <SequencePoint vc="0" uspid="41" ordinal="4" offset="42" sl="49" sc="13" el="49" ec="55" bec="0" bev="0" fileid="3" />
                <SequencePoint vc="0" uspid="42" ordinal="5" offset="57" sl="50" sc="13" el="50" ec="42" bec="0" bev="0" fileid="3" />
                <SequencePoint vc="0" uspid="43" ordinal="6" offset="70" sl="51" sc="13" el="51" ec="42" bec="0" bev="0" fileid="3" />
                <SequencePoint vc="0" uspid="44" ordinal="7" offset="83" sl="52" sc="13" el="52" ec="42" bec="0" bev="0" fileid="3" />
                <SequencePoint vc="0" uspid="45" ordinal="8" offset="96" sl="53" sc="13" el="53" ec="32" bec="0" bev="0" fileid="3" />
                <SequencePoint vc="0" uspid="46" ordinal="9" offset="108" sl="54" sc="13" el="54" ec="58" bec="0" bev="0" fileid="3" />
                <SequencePoint vc="0" uspid="47" ordinal="10" offset="127" sl="55" sc="13" el="55" ec="58" bec="0" bev="0" fileid="3" />
                <SequencePoint vc="0" uspid="48" ordinal="11" offset="146" sl="56" sc="13" el="56" ec="58" bec="0" bev="0" fileid="3" />
                <SequencePoint vc="0" uspid="49" ordinal="12" offset="165" sl="58" sc="9" el="58" ec="10" bec="0" bev="0" fileid="3" />
              </SequencePoints>
              <BranchPoints />
              <MethodPoint xsi:type="SequencePoint" vc="0" uspid="37" ordinal="0" offset="0" sl="44" sc="9" el="44" ec="10" bec="0" bev="0" fileid="3" />
            </Method>
            <Method visited="false" cyclomaticComplexity="1" nPathComplexity="0" sequenceCoverage="0" branchCoverage="0" crapScore="2" isConstructor="true" isStatic="false" isGetter="false" isSetter="false">
              <Summary numSequencePoints="0" visitedSequencePoints="0" numBranchPoints="0" visitedBranchPoints="0" sequenceCoverage="0" branchCoverage="0" maxCyclomaticComplexity="1" minCyclomaticComplexity="1" maxCrapScore="2" minCrapScore="2" visitedClasses="0" numClasses="0" visitedMethods="0" numMethods="0" />
              <MetadataToken>100663304</MetadataToken>
              <Name>System.Void SQLFitness.TestPopulation::.ctor()</Name>
              <SequencePoints />
              <BranchPoints />
              <MethodPoint vc="0" uspid="50" ordinal="0" offset="0" />
            </Method>
            <Method visited="false" cyclomaticComplexity="1" nPathComplexity="0" sequenceCoverage="0" branchCoverage="0" crapScore="2" isConstructor="true" isStatic="true" isGetter="false" isSetter="false">
              <Summary numSequencePoints="2" visitedSequencePoints="0" numBranchPoints="1" visitedBranchPoints="0" sequenceCoverage="0" branchCoverage="0" maxCyclomaticComplexity="1" minCyclomaticComplexity="1" maxCrapScore="2" minCrapScore="2" visitedClasses="0" numClasses="0" visitedMethods="0" numMethods="1" />
              <MetadataToken>100663305</MetadataToken>
              <Name>System.Void SQLFitness.TestPopulation::.cctor()</Name>
              <FileRef uid="3" />
              <SequencePoints>
                <SequencePoint vc="0" uspid="51" ordinal="0" offset="0" sl="13" sc="9" el="13" ec="91" bec="0" bev="0" fileid="3" />
                <SequencePoint vc="0" uspid="52" ordinal="1" offset="74" sl="14" sc="9" el="14" ec="38" bec="0" bev="0" fileid="3" />
              </SequencePoints>
              <BranchPoints />
              <MethodPoint xsi:type="SequencePoint" vc="0" uspid="51" ordinal="0" offset="0" sl="13" sc="9" el="13" ec="91" bec="0" bev="0" fileid="3" />
            </Method>
          </Methods>
        </Class>
        <Class>
          <Summary numSequencePoints="4" visitedSequencePoints="0" numBranchPoints="1" visitedBranchPoints="0" sequenceCoverage="0" branchCoverage="0" maxCyclomaticComplexity="2" minCyclomaticComplexity="2" maxCrapScore="6" minCrapScore="6" visitedClasses="0" numClasses="1" visitedMethods="0" numMethods="1" />
          <FullName>SQLFitness.TestPopulation/TestIndividual</FullName>
          <Methods>
            <Method visited="false" cyclomaticComplexity="2" nPathComplexity="0" sequenceCoverage="0" branchCoverage="0" crapScore="6" isConstructor="true" isStatic="false" isGetter="false" isSetter="false">
              <Summary numSequencePoints="4" visitedSequencePoints="0" numBranchPoints="1" visitedBranchPoints="0" sequenceCoverage="0" branchCoverage="0" maxCyclomaticComplexity="2" minCyclomaticComplexity="2" maxCrapScore="6" minCrapScore="6" visitedClasses="0" numClasses="0" visitedMethods="0" numMethods="1" />
              <MetadataToken>100663357</MetadataToken>
              <Name>System.Void SQLFitness.TestPopulation/TestIndividual::.ctor(System.Double)</Name>
              <FileRef uid="3" />
              <SequencePoints>
                <SequencePoint vc="0" uspid="53" ordinal="0" offset="0" sl="62" sc="53" el="62" ec="114" bec="0" bev="0" fileid="3" />
                <SequencePoint vc="0" uspid="54" ordinal="1" offset="55" sl="63" sc="13" el="63" ec="14" bec="0" bev="0" fileid="3" />
                <SequencePoint vc="0" uspid="55" ordinal="2" offset="56" sl="64" sc="17" el="64" ec="40" bec="0" bev="0" fileid="3" />
                <SequencePoint vc="0" uspid="56" ordinal="3" offset="69" sl="65" sc="13" el="65" ec="14" bec="0" bev="0" fileid="3" />
              </SequencePoints>
              <BranchPoints />
              <MethodPoint xsi:type="SequencePoint" vc="0" uspid="53" ordinal="0" offset="0" sl="62" sc="53" el="62" ec="114" bec="0" bev="0" fileid="3" />
            </Method>
          </Methods>
        </Class>
        <Class>
          <Summary numSequencePoints="1" visitedSequencePoints="0" numBranchPoints="1" visitedBranchPoints="0" sequenceCoverage="0" branchCoverage="0" maxCyclomaticComplexity="1" minCyclomaticComplexity="1" maxCrapScore="2" minCrapScore="2" visitedClasses="0" numClasses="1" visitedMethods="0" numMethods="1" />
          <FullName>SQLFitness.TestPopulation/TestIndividual/&lt;&gt;c</FullName>
          <Methods>
            <Method visited="false" cyclomaticComplexity="1" nPathComplexity="0" sequenceCoverage="0" branchCoverage="0" crapScore="2" isConstructor="true" isStatic="true" isGetter="false" isSetter="false">
              <Summary numSequencePoints="0" visitedSequencePoints="0" numBranchPoints="0" visitedBranchPoints="0" sequenceCoverage="0" branchCoverage="0" maxCyclomaticComplexity="1" minCyclomaticComplexity="1" maxCrapScore="2" minCrapScore="2" visitedClasses="0" numClasses="0" visitedMethods="0" numMethods="0" />
              <MetadataToken>100663387</MetadataToken>
              <Name>System.Void SQLFitness.TestPopulation/TestIndividual/&lt;&gt;c::.cctor()</Name>
              <SequencePoints />
              <BranchPoints />
              <MethodPoint vc="0" uspid="59" ordinal="0" offset="0" />
            </Method>
            <Method visited="false" cyclomaticComplexity="1" nPathComplexity="0" sequenceCoverage="0" branchCoverage="0" crapScore="2" isConstructor="true" isStatic="false" isGetter="false" isSetter="false">
              <Summary numSequencePoints="0" visitedSequencePoints="0" numBranchPoints="0" visitedBranchPoints="0" sequenceCoverage="0" branchCoverage="0" maxCyclomaticComplexity="1" minCyclomaticComplexity="1" maxCrapScore="2" minCrapScore="2" visitedClasses="0" numClasses="0" visitedMethods="0" numMethods="0" />
              <MetadataToken>100663388</MetadataToken>
              <Name>System.Void SQLFitness.TestPopulation/TestIndividual/&lt;&gt;c::.ctor()</Name>
              <SequencePoints />
              <BranchPoints />
              <MethodPoint vc="0" uspid="60" ordinal="0" offset="0" />
            </Method>
            <Method visited="false" cyclomaticComplexity="1" nPathComplexity="0" sequenceCoverage="0" branchCoverage="0" crapScore="2" isConstructor="false" isStatic="false" isGetter="false" isSetter="false">
              <Summary numSequencePoints="1" visitedSequencePoints="0" numBranchPoints="1" visitedBranchPoints="0" sequenceCoverage="0" branchCoverage="0" maxCyclomaticComplexity="1" minCyclomaticComplexity="1" maxCrapScore="2" minCrapScore="2" visitedClasses="0" numClasses="0" visitedMethods="0" numMethods="1" />
              <MetadataToken>100663389</MetadataToken>
              <Name>System.Collections.Generic.List`1&lt;System.Object&gt; SQLFitness.TestPopulation/TestIndividual/&lt;&gt;c::&lt;.ctor&gt;b__0_0(System.String)</Name>
              <FileRef uid="3" />
              <SequencePoints>
                <SequencePoint vc="0" uspid="61" ordinal="0" offset="0" sl="62" sc="90" el="62" ec="113" bec="0" bev="0" fileid="3" />
              </SequencePoints>
              <BranchPoints />
              <MethodPoint xsi:type="SequencePoint" vc="0" uspid="61" ordinal="0" offset="0" sl="62" sc="90" el="62" ec="113" bec="0" bev="0" fileid="3" />
            </Method>
          </Methods>
        </Class>
        <Class>
          <Summary numSequencePoints="1" visitedSequencePoints="0" numBranchPoints="1" visitedBranchPoints="0" sequenceCoverage="0" branchCoverage="0" maxCyclomaticComplexity="1" minCyclomaticComplexity="1" maxCrapScore="2" minCrapScore="2" visitedClasses="0" numClasses="1" visitedMethods="0" numMethods="1" />
          <FullName>SQLFitness.TestPopulation/&lt;&gt;c</FullName>
          <Methods>
            <Method visited="false" cyclomaticComplexity="1" nPathComplexity="0" sequenceCoverage="0" branchCoverage="0" crapScore="2" isConstructor="true" isStatic="true" isGetter="false" isSetter="false">
              <Summary numSequencePoints="0" visitedSequencePoints="0" numBranchPoints="0" visitedBranchPoints="0" sequenceCoverage="0" branchCoverage="0" maxCyclomaticComplexity="1" minCyclomaticComplexity="1" maxCrapScore="2" minCrapScore="2" visitedClasses="0" numClasses="0" visitedMethods="0" numMethods="0" />
              <MetadataToken>100663358</MetadataToken>
              <Name>System.Void SQLFitness.TestPopulation/&lt;&gt;c::.cctor()</Name>
              <SequencePoints />
              <BranchPoints />
              <MethodPoint vc="0" uspid="62" ordinal="0" offset="0" />
            </Method>
            <Method visited="false" cyclomaticComplexity="1" nPathComplexity="0" sequenceCoverage="0" branchCoverage="0" crapScore="2" isConstructor="true" isStatic="false" isGetter="false" isSetter="false">
              <Summary numSequencePoints="0" visitedSequencePoints="0" numBranchPoints="0" visitedBranchPoints="0" sequenceCoverage="0" branchCoverage="0" maxCyclomaticComplexity="1" minCyclomaticComplexity="1" maxCrapScore="2" minCrapScore="2" visitedClasses="0" numClasses="0" visitedMethods="0" numMethods="0" />
              <MetadataToken>100663359</MetadataToken>
              <Name>System.Void SQLFitness.TestPopulation/&lt;&gt;c::.ctor()</Name>
              <SequencePoints />
              <BranchPoints />
              <MethodPoint vc="0" uspid="63" ordinal="0" offset="0" />
            </Method>
            <Method visited="false" cyclomaticComplexity="1" nPathComplexity="0" sequenceCoverage="0" branchCoverage="0" crapScore="2" isConstructor="false" isStatic="false" isGetter="false" isSetter="false">
              <Summary numSequencePoints="1" visitedSequencePoints="0" numBranchPoints="1" visitedBranchPoints="0" sequenceCoverage="0" branchCoverage="0" maxCyclomaticComplexity="1" minCyclomaticComplexity="1" maxCrapScore="2" minCrapScore="2" visitedClasses="0" numClasses="0" visitedMethods="0" numMethods="1" />
              <MetadataToken>100663360</MetadataToken>
              <Name>System.Collections.Generic.List`1&lt;System.Object&gt; SQLFitness.TestPopulation/&lt;&gt;c::&lt;SetupPopulation&gt;b__4_0(System.String)</Name>
              <FileRef uid="3" />
              <SequencePoints>
                <SequencePoint vc="0" uspid="64" ordinal="0" offset="0" sl="35" sc="72" el="35" ec="111" bec="0" bev="0" fileid="3" />
              </SequencePoints>
              <BranchPoints />
              <MethodPoint xsi:type="SequencePoint" vc="0" uspid="64" ordinal="0" offset="0" sl="35" sc="72" el="35" ec="111" bec="0" bev="0" fileid="3" />
            </Method>
          </Methods>
        </Class>
        <Class>
          <Summary numSequencePoints="50" visitedSequencePoints="0" numBranchPoints="7" visitedBranchPoints="0" sequenceCoverage="0" branchCoverage="0" maxCyclomaticComplexity="1" minCyclomaticComplexity="1" maxCrapScore="2" minCrapScore="2" visitedClasses="0" numClasses="1" visitedMethods="0" numMethods="7" />
          <FullName>SQLFitness.TreeGenome.Tests.AddBranchBuilderTests</FullName>
          <Methods>
            <Method visited="false" cyclomaticComplexity="1" nPathComplexity="0" sequenceCoverage="0" branchCoverage="0" crapScore="2" isConstructor="false" isStatic="false" isGetter="false" isSetter="false">
              <Summary numSequencePoints="7" visitedSequencePoints="0" numBranchPoints="1" visitedBranchPoints="0" sequenceCoverage="0" branchCoverage="0" maxCyclomaticComplexity="1" minCyclomaticComplexity="1" maxCrapScore="2" minCrapScore="2" visitedClasses="0" numClasses="0" visitedMethods="0" numMethods="1" />
              <MetadataToken>100663306</MetadataToken>
              <Name>System.Void SQLFitness.TreeGenome.Tests.AddBranchBuilderTests::AddBranchBuilderSetup()</Name>
              <FileRef uid="7" />
              <SequencePoints>
                <SequencePoint vc="0" uspid="65" ordinal="0" offset="0" sl="23" sc="9" el="23" ec="10" bec="0" bev="0" fileid="7" />
                <SequencePoint vc="0" uspid="66" ordinal="1" offset="1" sl="24" sc="13" el="24" ec="89" bec="0" bev="0" fileid="7" />
                <SequencePoint vc="0" uspid="67" ordinal="2" offset="23" sl="25" sc="13" el="25" ec="79" bec="0" bev="0" fileid="7" />
                <SequencePoint vc="0" uspid="68" ordinal="3" offset="45" sl="26" sc="13" el="26" ec="115" bec="0" bev="0" fileid="7" />
                <SequencePoint vc="0" uspid="69" ordinal="4" offset="69" sl="27" sc="13" el="27" ec="99" bec="0" bev="0" fileid="7" />
                <SequencePoint vc="0" uspid="70" ordinal="5" offset="93" sl="29" sc="13" el="29" ec="79" bec="0" bev="0" fileid="7" />
                <SequencePoint vc="0" uspid="71" ordinal="6" offset="115" sl="30" sc="9" el="30" ec="10" bec="0" bev="0" fileid="7" />
              </SequencePoints>
              <BranchPoints />
              <MethodPoint xsi:type="SequencePoint" vc="0" uspid="65" ordinal="0" offset="0" sl="23" sc="9" el="23" ec="10" bec="0" bev="0" fileid="7" />
            </Method>
            <Method visited="false" cyclomaticComplexity="1" nPathComplexity="0" sequenceCoverage="0" branchCoverage="0" crapScore="2" isConstructor="false" isStatic="false" isGetter="false" isSetter="false">
              <Summary numSequencePoints="1" visitedSequencePoints="0" numBranchPoints="1" visitedBranchPoints="0" sequenceCoverage="0" branchCoverage="0" maxCyclomaticComplexity="1" minCyclomaticComplexity="1" maxCrapScore="2" minCrapScore="2" visitedClasses="0" numClasses="0" visitedMethods="0" numMethods="1" />
              <MetadataToken>100663307</MetadataToken>
              <Name>SQLFitness.PredicateNode SQLFitness.TreeGenome.Tests.AddBranchBuilderTests::predicateBuilder(System.String,System.String)</Name>
              <FileRef uid="7" />
              <SequencePoints>
                <SequencePoint vc="0" uspid="72" ordinal="0" offset="13" sl="31" sc="76" el="31" ec="151" bec="0" bev="0" fileid="7" />
              </SequencePoints>
              <BranchPoints />
              <MethodPoint vc="0" uspid="73" ordinal="0" offset="0" />
            </Method>
            <Method visited="false" cyclomaticComplexity="1" nPathComplexity="0" sequenceCoverage="0" branchCoverage="0" crapScore="2" isConstructor="false" isStatic="false" isGetter="false" isSetter="false">
              <Summary numSequencePoints="7" visitedSequencePoints="0" numBranchPoints="1" visitedBranchPoints="0" sequenceCoverage="0" branchCoverage="0" maxCyclomaticComplexity="1" minCyclomaticComplexity="1" maxCrapScore="2" minCrapScore="2" visitedClasses="0" numClasses="0" visitedMethods="0" numMethods="1" />
              <MetadataToken>100663308</MetadataToken>
              <Name>System.Void SQLFitness.TreeGenome.Tests.AddBranchBuilderTests::AddBranchBuilderSinglePredicateNode()</Name>
              <FileRef uid="7" />
              <SequencePoints>
                <SequencePoint vc="0" uspid="74" ordinal="0" offset="0" sl="34" sc="9" el="34" ec="10" bec="0" bev="0" fileid="7" />
                <SequencePoint vc="0" uspid="75" ordinal="1" offset="1" sl="35" sc="13" el="35" ec="85" bec="0" bev="0" fileid="7" />
                <SequencePoint vc="0" uspid="76" ordinal="2" offset="18" sl="36" sc="13" el="36" ec="80" bec="0" bev="0" fileid="7" />
                <SequencePoint vc="0" uspid="77" ordinal="3" offset="35" sl="37" sc="13" el="37" ec="71" bec="0" bev="0" fileid="7" />
                <SequencePoint vc="0" uspid="78" ordinal="4" offset="43" sl="38" sc="13" el="38" ec="46" bec="0" bev="0" fileid="7" />
                <SequencePoint vc="0" uspid="79" ordinal="5" offset="51" sl="39" sc="13" el="39" ec="69" bec="0" bev="0" fileid="7" />
                <SequencePoint vc="0" uspid="80" ordinal="6" offset="64" sl="40" sc="9" el="40" ec="10" bec="0" bev="0" fileid="7" />
              </SequencePoints>
              <BranchPoints />
              <MethodPoint xsi:type="SequencePoint" vc="0" uspid="74" ordinal="0" offset="0" sl="34" sc="9" el="34" ec="10" bec="0" bev="0" fileid="7" />
            </Method>
            <Method visited="false" cyclomaticComplexity="1" nPathComplexity="0" sequenceCoverage="0" branchCoverage="0" crapScore="2" isConstructor="false" isStatic="false" isGetter="false" isSetter="false">
              <Summary numSequencePoints="10" visitedSequencePoints="0" numBranchPoints="1" visitedBranchPoints="0" sequenceCoverage="0" branchCoverage="0" maxCyclomaticComplexity="1" minCyclomaticComplexity="1" maxCrapScore="2" minCrapScore="2" visitedClasses="0" numClasses="0" visitedMethods="0" numMethods="1" />
              <MetadataToken>100663309</MetadataToken>
              <Name>System.Void SQLFitness.TreeGenome.Tests.AddBranchBuilderTests::AddBranchBuilderOverLargeTree()</Name>
              <FileRef uid="7" />
              <SequencePoints>
                <SequencePoint vc="0" uspid="81" ordinal="0" offset="0" sl="44" sc="9" el="44" ec="10" bec="0" bev="0" fileid="7" />
                <SequencePoint vc="0" uspid="82" ordinal="1" offset="1" sl="46" sc="13" el="46" ec="85" bec="0" bev="0" fileid="7" />
                <SequencePoint vc="0" uspid="83" ordinal="2" offset="18" sl="47" sc="13" el="47" ec="85" bec="0" bev="0" fileid="7" />
                <SequencePoint vc="0" uspid="84" ordinal="3" offset="35" sl="48" sc="13" el="48" ec="96" bec="0" bev="0" fileid="7" />
                <SequencePoint vc="0" uspid="85" ordinal="4" offset="44" sl="49" sc="13" el="49" ec="93" bec="0" bev="0" fileid="7" />
                <SequencePoint vc="0" uspid="86" ordinal="5" offset="53" sl="51" sc="13" el="51" ec="82" bec="0" bev="0" fileid="7" />
                <SequencePoint vc="0" uspid="87" ordinal="6" offset="71" sl="53" sc="13" el="53" ec="71" bec="0" bev="0" fileid="7" />
                <SequencePoint vc="0" uspid="88" ordinal="7" offset="81" sl="54" sc="13" el="54" ec="44" bec="0" bev="0" fileid="7" />
                <SequencePoint vc="0" uspid="89" ordinal="8" offset="90" sl="55" sc="13" el="55" ec="69" bec="0" bev="0" fileid="7" />
                <SequencePoint vc="0" uspid="90" ordinal="9" offset="105" sl="56" sc="9" el="56" ec="10" bec="0" bev="0" fileid="7" />
              </SequencePoints>
              <BranchPoints />
              <MethodPoint xsi:type="SequencePoint" vc="0" uspid="81" ordinal="0" offset="0" sl="44" sc="9" el="44" ec="10" bec="0" bev="0" fileid="7" />
            </Method>
            <Method visited="false" cyclomaticComplexity="1" nPathComplexity="0" sequenceCoverage="0" branchCoverage="0" crapScore="2" isConstructor="false" isStatic="false" isGetter="false" isSetter="false">
              <Summary numSequencePoints="8" visitedSequencePoints="0" numBranchPoints="1" visitedBranchPoints="0" sequenceCoverage="0" branchCoverage="0" maxCyclomaticComplexity="1" minCyclomaticComplexity="1" maxCrapScore="2" minCrapScore="2" visitedClasses="0" numClasses="0" visitedMethods="0" numMethods="1" />
              <MetadataToken>100663310</MetadataToken>
              <Name>System.Void SQLFitness.TreeGenome.Tests.AddBranchBuilderTests::AddBranchBuilderPosition2()</Name>
              <FileRef uid="7" />
              <SequencePoints>
                <SequencePoint vc="0" uspid="91" ordinal="0" offset="0" sl="59" sc="49" el="59" ec="50" bec="0" bev="0" fileid="7" />
                <SequencePoint vc="0" uspid="92" ordinal="1" offset="1" sl="60" sc="13" el="60" ec="72" bec="0" bev="0" fileid="7" />
                <SequencePoint vc="0" uspid="93" ordinal="2" offset="14" sl="61" sc="13" el="61" ec="42" bec="0" bev="0" fileid="7" />
                <SequencePoint vc="0" uspid="94" ordinal="3" offset="27" sl="63" sc="13" el="63" ec="52" bec="0" bev="0" fileid="7" />
                <SequencePoint vc="0" uspid="95" ordinal="4" offset="34" sl="64" sc="13" el="64" ec="78" bec="0" bev="0" fileid="7" />
                <SequencePoint vc="0" uspid="96" ordinal="5" offset="57" sl="65" sc="13" el="65" ec="81" bec="0" bev="0" fileid="7" />
                <SequencePoint vc="0" uspid="97" ordinal="6" offset="80" sl="66" sc="13" el="66" ec="84" bec="0" bev="0" fileid="7" />
                <SequencePoint vc="0" uspid="98" ordinal="7" offset="118" sl="67" sc="9" el="67" ec="10" bec="0" bev="0" fileid="7" />
              </SequencePoints>
              <BranchPoints />
              <MethodPoint xsi:type="SequencePoint" vc="0" uspid="91" ordinal="0" offset="0" sl="59" sc="49" el="59" ec="50" bec="0" bev="0" fileid="7" />
            </Method>
            <Method visited="false" cyclomaticComplexity="1" nPathComplexity="0" sequenceCoverage="0" branchCoverage="0" crapScore="2" isConstructor="false" isStatic="false" isGetter="false" isSetter="false">
              <Summary numSequencePoints="9" visitedSequencePoints="0" numBranchPoints="1" visitedBranchPoints="0" sequenceCoverage="0" branchCoverage="0" maxCyclomaticComplexity="1" minCyclomaticComplexity="1" maxCrapScore="2" minCrapScore="2" visitedClasses="0" numClasses="0" visitedMethods="0" numMethods="1" />
              <MetadataToken>100663311</MetadataToken>
              <Name>System.Void SQLFitness.TreeGenome.Tests.AddBranchBuilderTests::AddBranchBuilderAtLeaf()</Name>
              <FileRef uid="7" />
              <SequencePoints>
                <SequencePoint vc="0" uspid="99" ordinal="0" offset="0" sl="71" sc="9" el="71" ec="10" bec="0" bev="0" fileid="7" />
                <SequencePoint vc="0" uspid="100" ordinal="1" offset="1" sl="72" sc="13" el="72" ec="72" bec="0" bev="0" fileid="7" />
                <SequencePoint vc="0" uspid="101" ordinal="2" offset="14" sl="73" sc="13" el="73" ec="42" bec="0" bev="0" fileid="7" />
                <SequencePoint vc="0" uspid="102" ordinal="3" offset="27" sl="75" sc="13" el="75" ec="52" bec="0" bev="0" fileid="7" />
                <SequencePoint vc="0" uspid="103" ordinal="4" offset="34" sl="76" sc="13" el="76" ec="97" bec="0" bev="0" fileid="7" />
                <SequencePoint vc="0" uspid="104" ordinal="5" offset="67" sl="77" sc="13" el="77" ec="103" bec="0" bev="0" fileid="7" />
                <SequencePoint vc="0" uspid="105" ordinal="6" offset="100" sl="78" sc="13" el="78" ec="84" bec="0" bev="0" fileid="7" />
                <SequencePoint vc="0" uspid="106" ordinal="7" offset="138" sl="79" sc="13" el="79" ec="78" bec="0" bev="0" fileid="7" />
                <SequencePoint vc="0" uspid="107" ordinal="8" offset="166" sl="80" sc="9" el="80" ec="10" bec="0" bev="0" fileid="7" />
              </SequencePoints>
              <BranchPoints />
              <MethodPoint xsi:type="SequencePoint" vc="0" uspid="99" ordinal="0" offset="0" sl="71" sc="9" el="71" ec="10" bec="0" bev="0" fileid="7" />
            </Method>
            <Method visited="false" cyclomaticComplexity="1" nPathComplexity="0" sequenceCoverage="0" branchCoverage="0" crapScore="2" isConstructor="false" isStatic="false" isGetter="false" isSetter="false">
              <Summary numSequencePoints="8" visitedSequencePoints="0" numBranchPoints="1" visitedBranchPoints="0" sequenceCoverage="0" branchCoverage="0" maxCyclomaticComplexity="1" minCyclomaticComplexity="1" maxCrapScore="2" minCrapScore="2" visitedClasses="0" numClasses="0" visitedMethods="0" numMethods="1" />
              <MetadataToken>100663312</MetadataToken>
              <Name>System.Void SQLFitness.TreeGenome.Tests.AddBranchBuilderTests::AddBranchBuilderFullTreeLast()</Name>
              <FileRef uid="7" />
              <SequencePoints>
                <SequencePoint vc="0" uspid="108" ordinal="0" offset="0" sl="84" sc="9" el="84" ec="10" bec="0" bev="0" fileid="7" />
                <SequencePoint vc="0" uspid="109" ordinal="1" offset="1" sl="85" sc="13" el="85" ec="93" bec="0" bev="0" fileid="7" />
                <SequencePoint vc="0" uspid="110" ordinal="2" offset="24" sl="86" sc="13" el="86" ec="42" bec="0" bev="0" fileid="7" />
                <SequencePoint vc="0" uspid="111" ordinal="3" offset="37" sl="88" sc="13" el="88" ec="52" bec="0" bev="0" fileid="7" />
                <SequencePoint vc="0" uspid="112" ordinal="4" offset="44" sl="89" sc="13" el="89" ec="81" bec="0" bev="0" fileid="7" />
                <SequencePoint vc="0" uspid="113" ordinal="5" offset="67" sl="90" sc="13" el="90" ec="84" bec="0" bev="0" fileid="7" />
                <SequencePoint vc="0" uspid="114" ordinal="6" offset="105" sl="91" sc="13" el="91" ec="76" bec="0" bev="0" fileid="7" />
                <SequencePoint vc="0" uspid="115" ordinal="7" offset="133" sl="92" sc="9" el="92" ec="10" bec="0" bev="0" fileid="7" />
              </SequencePoints>
              <BranchPoints />
              <MethodPoint xsi:type="SequencePoint" vc="0" uspid="108" ordinal="0" offset="0" sl="84" sc="9" el="84" ec="10" bec="0" bev="0" fileid="7" />
            </Method>
            <Method visited="false" cyclomaticComplexity="1" nPathComplexity="0" sequenceCoverage="0" branchCoverage="0" crapScore="2" isConstructor="true" isStatic="false" isGetter="false" isSetter="false">
              <Summary numSequencePoints="0" visitedSequencePoints="0" numBranchPoints="0" visitedBranchPoints="0" sequenceCoverage="0" branchCoverage="0" maxCyclomaticComplexity="1" minCyclomaticComplexity="1" maxCrapScore="2" minCrapScore="2" visitedClasses="0" numClasses="0" visitedMethods="0" numMethods="0" />
              <MetadataToken>100663313</MetadataToken>
              <Name>System.Void SQLFitness.TreeGenome.Tests.AddBranchBuilderTests::.ctor()</Name>
              <SequencePoints />
              <BranchPoints />
              <MethodPoint vc="0" uspid="116" ordinal="0" offset="0" />
            </Method>
          </Methods>
        </Class>
        <Class>
          <Summary numSequencePoints="1" visitedSequencePoints="0" numBranchPoints="1" visitedBranchPoints="0" sequenceCoverage="0" branchCoverage="0" maxCyclomaticComplexity="1" minCyclomaticComplexity="1" maxCrapScore="2" minCrapScore="2" visitedClasses="0" numClasses="1" visitedMethods="0" numMethods="1" />
          <FullName>SQLFitness.TreeGenome.Tests.AddBranchBuilderTests/&lt;&gt;c__DisplayClass6_0</FullName>
          <Methods>
            <Method visited="false" cyclomaticComplexity="1" nPathComplexity="0" sequenceCoverage="0" branchCoverage="0" crapScore="2" isConstructor="true" isStatic="false" isGetter="false" isSetter="false">
              <Summary numSequencePoints="0" visitedSequencePoints="0" numBranchPoints="0" visitedBranchPoints="0" sequenceCoverage="0" branchCoverage="0" maxCyclomaticComplexity="1" minCyclomaticComplexity="1" maxCrapScore="2" minCrapScore="2" visitedClasses="0" numClasses="0" visitedMethods="0" numMethods="0" />
              <MetadataToken>100663361</MetadataToken>
              <Name>System.Void SQLFitness.TreeGenome.Tests.AddBranchBuilderTests/&lt;&gt;c__DisplayClass6_0::.ctor()</Name>
              <SequencePoints />
              <BranchPoints />
              <MethodPoint vc="0" uspid="117" ordinal="0" offset="0" />
            </Method>
            <Method visited="false" cyclomaticComplexity="1" nPathComplexity="0" sequenceCoverage="0" branchCoverage="0" crapScore="2" isConstructor="false" isStatic="false" isGetter="false" isSetter="false">
              <Summary numSequencePoints="1" visitedSequencePoints="0" numBranchPoints="1" visitedBranchPoints="0" sequenceCoverage="0" branchCoverage="0" maxCyclomaticComplexity="1" minCyclomaticComplexity="1" maxCrapScore="2" minCrapScore="2" visitedClasses="0" numClasses="0" visitedMethods="0" numMethods="1" />
              <MetadataToken>100663362</MetadataToken>
              <Name>System.Collections.Generic.List`1&lt;System.Object&gt; SQLFitness.TreeGenome.Tests.AddBranchBuilderTests/&lt;&gt;c__DisplayClass6_0::&lt;predicateBuilder&gt;b__0(System.String)</Name>
              <FileRef uid="7" />
              <SequencePoints>
                <SequencePoint vc="0" uspid="118" ordinal="0" offset="0" sl="31" sc="125" el="31" ec="150" bec="0" bev="0" fileid="7" />
              </SequencePoints>
              <BranchPoints />
              <MethodPoint xsi:type="SequencePoint" vc="0" uspid="118" ordinal="0" offset="0" sl="31" sc="125" el="31" ec="150" bec="0" bev="0" fileid="7" />
            </Method>
          </Methods>
        </Class>
        <Class>
          <Summary numSequencePoints="16" visitedSequencePoints="0" numBranchPoints="4" visitedBranchPoints="0" sequenceCoverage="0" branchCoverage="0" maxCyclomaticComplexity="1" minCyclomaticComplexity="1" maxCrapScore="2" minCrapScore="2" visitedClasses="0" numClasses="1" visitedMethods="0" numMethods="4" />
          <FullName>SQLFitness.TreeGenome.Tests.DuplicateCounterTests</FullName>
          <Methods>
            <Method visited="false" cyclomaticComplexity="1" nPathComplexity="0" sequenceCoverage="0" branchCoverage="0" crapScore="2" isConstructor="false" isStatic="false" isGetter="false" isSetter="false">
              <Summary numSequencePoints="1" visitedSequencePoints="0" numBranchPoints="1" visitedBranchPoints="0" sequenceCoverage="0" branchCoverage="0" maxCyclomaticComplexity="1" minCyclomaticComplexity="1" maxCrapScore="2" minCrapScore="2" visitedClasses="0" numClasses="0" visitedMethods="0" numMethods="1" />
              <MetadataToken>100663314</MetadataToken>
              <Name>SQLFitness.PredicateNode SQLFitness.TreeGenome.Tests.DuplicateCounterTests::predicateBuilder(System.String,System.String,SQLFitness.PredicateType)</Name>
              <FileRef uid="9" />
              <SequencePoints>
                <SequencePoint vc="0" uspid="119" ordinal="0" offset="13" sl="14" sc="96" el="14" ec="177" bec="0" bev="0" fileid="9" />
              </SequencePoints>
              <BranchPoints />
              <MethodPoint vc="0" uspid="120" ordinal="0" offset="0" />
            </Method>
            <Method visited="false" cyclomaticComplexity="1" nPathComplexity="0" sequenceCoverage="0" branchCoverage="0" crapScore="2" isConstructor="false" isStatic="false" isGetter="false" isSetter="false">
              <Summary numSequencePoints="3" visitedSequencePoints="0" numBranchPoints="1" visitedBranchPoints="0" sequenceCoverage="0" branchCoverage="0" maxCyclomaticComplexity="1" minCyclomaticComplexity="1" maxCrapScore="2" minCrapScore="2" visitedClasses="0" numClasses="0" visitedMethods="0" numMethods="1" />
              <MetadataToken>100663315</MetadataToken>
              <Name>System.Void SQLFitness.TreeGenome.Tests.DuplicateCounterTests::Setup()</Name>
              <FileRef uid="9" />
              <SequencePoints>
                <SequencePoint vc="0" uspid="121" ordinal="0" offset="0" sl="19" sc="9" el="19" ec="10" bec="0" bev="0" fileid="9" />
                <SequencePoint vc="0" uspid="122" ordinal="1" offset="1" sl="20" sc="13" el="20" ec="46" bec="0" bev="0" fileid="9" />
                <SequencePoint vc="0" uspid="123" ordinal="2" offset="13" sl="21" sc="9" el="21" ec="10" bec="0" bev="0" fileid="9" />
              </SequencePoints>
              <BranchPoints />
              <MethodPoint xsi:type="SequencePoint" vc="0" uspid="121" ordinal="0" offset="0" sl="19" sc="9" el="19" ec="10" bec="0" bev="0" fileid="9" />
            </Method>
            <Method visited="false" cyclomaticComplexity="1" nPathComplexity="0" sequenceCoverage="0" branchCoverage="0" crapScore="2" isConstructor="false" isStatic="false" isGetter="false" isSetter="false">
              <Summary numSequencePoints="9" visitedSequencePoints="0" numBranchPoints="1" visitedBranchPoints="0" sequenceCoverage="0" branchCoverage="0" maxCyclomaticComplexity="1" minCyclomaticComplexity="1" maxCrapScore="2" minCrapScore="2" visitedClasses="0" numClasses="0" visitedMethods="0" numMethods="1" />
              <MetadataToken>100663316</MetadataToken>
              <Name>System.Void SQLFitness.TreeGenome.Tests.DuplicateCounterTests::VisitTest()</Name>
              <FileRef uid="9" />
              <SequencePoints>
                <SequencePoint vc="0" uspid="124" ordinal="0" offset="0" sl="24" sc="9" el="24" ec="10" bec="0" bev="0" fileid="9" />
                <SequencePoint vc="0" uspid="125" ordinal="1" offset="1" sl="25" sc="13" el="25" ec="88" bec="0" bev="0" fileid="9" />
                <SequencePoint vc="0" uspid="126" ordinal="2" offset="19" sl="26" sc="13" el="26" ec="157" bec="0" bev="0" fileid="9" />
                <SequencePoint vc="0" uspid="127" ordinal="3" offset="59" sl="27" sc="13" el="27" ec="111" bec="0" bev="0" fileid="9" />
                <SequencePoint vc="0" uspid="128" ordinal="4" offset="83" sl="28" sc="13" el="28" ec="56" bec="0" bev="0" fileid="9" />
                <SequencePoint vc="0" uspid="129" ordinal="5" offset="91" sl="29" sc="13" el="29" ec="64" bec="0" bev="0" fileid="9" />
                <SequencePoint vc="0" uspid="130" ordinal="6" offset="100" sl="30" sc="13" el="30" ec="37" bec="0" bev="0" fileid="9" />
                <SequencePoint vc="0" uspid="131" ordinal="7" offset="113" sl="31" sc="13" el="31" ec="83" bec="0" bev="0" fileid="9" />
                <SequencePoint vc="0" uspid="132" ordinal="8" offset="135" sl="32" sc="9" el="32" ec="10" bec="0" bev="0" fileid="9" />
              </SequencePoints>
              <BranchPoints />
              <MethodPoint xsi:type="SequencePoint" vc="0" uspid="124" ordinal="0" offset="0" sl="24" sc="9" el="24" ec="10" bec="0" bev="0" fileid="9" />
            </Method>
            <Method visited="false" cyclomaticComplexity="1" nPathComplexity="0" sequenceCoverage="0" branchCoverage="0" crapScore="2" isConstructor="false" isStatic="false" isGetter="false" isSetter="false">
              <Summary numSequencePoints="3" visitedSequencePoints="0" numBranchPoints="1" visitedBranchPoints="0" sequenceCoverage="0" branchCoverage="0" maxCyclomaticComplexity="1" minCyclomaticComplexity="1" maxCrapScore="2" minCrapScore="2" visitedClasses="0" numClasses="0" visitedMethods="0" numMethods="1" />
              <MetadataToken>100663317</MetadataToken>
              <Name>System.Void SQLFitness.TreeGenome.Tests.DuplicateCounterTests::VisitTest1()</Name>
              <FileRef uid="9" />
              <SequencePoints>
                <SequencePoint vc="0" uspid="133" ordinal="0" offset="0" sl="36" sc="9" el="36" ec="10" bec="0" bev="0" fileid="9" />
                <SequencePoint vc="0" uspid="134" ordinal="1" offset="1" sl="37" sc="13" el="37" ec="27" bec="0" bev="0" fileid="9" />
                <SequencePoint vc="0" uspid="135" ordinal="2" offset="7" sl="38" sc="9" el="38" ec="10" bec="0" bev="0" fileid="9" />
              </SequencePoints>
              <BranchPoints />
              <MethodPoint xsi:type="SequencePoint" vc="0" uspid="133" ordinal="0" offset="0" sl="36" sc="9" el="36" ec="10" bec="0" bev="0" fileid="9" />
            </Method>
            <Method visited="false" cyclomaticComplexity="1" nPathComplexity="0" sequenceCoverage="0" branchCoverage="0" crapScore="2" isConstructor="true" isStatic="false" isGetter="false" isSetter="false">
              <Summary numSequencePoints="0" visitedSequencePoints="0" numBranchPoints="0" visitedBranchPoints="0" sequenceCoverage="0" branchCoverage="0" maxCyclomaticComplexity="1" minCyclomaticComplexity="1" maxCrapScore="2" minCrapScore="2" visitedClasses="0" numClasses="0" visitedMethods="0" numMethods="0" />
              <MetadataToken>100663318</MetadataToken>
              <Name>System.Void SQLFitness.TreeGenome.Tests.DuplicateCounterTests::.ctor()</Name>
              <SequencePoints />
              <BranchPoints />
              <MethodPoint vc="0" uspid="136" ordinal="0" offset="0" />
            </Method>
          </Methods>
        </Class>
        <Class>
          <Summary numSequencePoints="1" visitedSequencePoints="0" numBranchPoints="1" visitedBranchPoints="0" sequenceCoverage="0" branchCoverage="0" maxCyclomaticComplexity="1" minCyclomaticComplexity="1" maxCrapScore="2" minCrapScore="2" visitedClasses="0" numClasses="1" visitedMethods="0" numMethods="1" />
          <FullName>SQLFitness.TreeGenome.Tests.DuplicateCounterTests/&lt;&gt;c__DisplayClass0_0</FullName>
          <Methods>
            <Method visited="false" cyclomaticComplexity="1" nPathComplexity="0" sequenceCoverage="0" branchCoverage="0" crapScore="2" isConstructor="true" isStatic="false" isGetter="false" isSetter="false">
              <Summary numSequencePoints="0" visitedSequencePoints="0" numBranchPoints="0" visitedBranchPoints="0" sequenceCoverage="0" branchCoverage="0" maxCyclomaticComplexity="1" minCyclomaticComplexity="1" maxCrapScore="2" minCrapScore="2" visitedClasses="0" numClasses="0" visitedMethods="0" numMethods="0" />
              <MetadataToken>100663363</MetadataToken>
              <Name>System.Void SQLFitness.TreeGenome.Tests.DuplicateCounterTests/&lt;&gt;c__DisplayClass0_0::.ctor()</Name>
              <SequencePoints />
              <BranchPoints />
              <MethodPoint vc="0" uspid="137" ordinal="0" offset="0" />
            </Method>
            <Method visited="false" cyclomaticComplexity="1" nPathComplexity="0" sequenceCoverage="0" branchCoverage="0" crapScore="2" isConstructor="false" isStatic="false" isGetter="false" isSetter="false">
              <Summary numSequencePoints="1" visitedSequencePoints="0" numBranchPoints="1" visitedBranchPoints="0" sequenceCoverage="0" branchCoverage="0" maxCyclomaticComplexity="1" minCyclomaticComplexity="1" maxCrapScore="2" minCrapScore="2" visitedClasses="0" numClasses="0" visitedMethods="0" numMethods="1" />
              <MetadataToken>100663364</MetadataToken>
              <Name>System.Collections.Generic.List`1&lt;System.Object&gt; SQLFitness.TreeGenome.Tests.DuplicateCounterTests/&lt;&gt;c__DisplayClass0_0::&lt;predicateBuilder&gt;b__0(System.String)</Name>
              <FileRef uid="9" />
              <SequencePoints>
                <SequencePoint vc="0" uspid="138" ordinal="0" offset="0" sl="14" sc="145" el="14" ec="170" bec="0" bev="0" fileid="9" />
              </SequencePoints>
              <BranchPoints />
              <MethodPoint xsi:type="SequencePoint" vc="0" uspid="138" ordinal="0" offset="0" sl="14" sc="145" el="14" ec="170" bec="0" bev="0" fileid="9" />
            </Method>
          </Methods>
        </Class>
        <Class>
          <Summary numSequencePoints="18" visitedSequencePoints="0" numBranchPoints="3" visitedBranchPoints="0" sequenceCoverage="0" branchCoverage="0" maxCyclomaticComplexity="3" minCyclomaticComplexity="1" maxCrapScore="12" minCrapScore="2" visitedClasses="0" numClasses="1" visitedMethods="0" numMethods="3" />
          <FullName>SQLFitness.TreeGenome.Tests.SQLWalkerTests</FullName>
          <Methods>
            <Method visited="false" cyclomaticComplexity="3" nPathComplexity="0" sequenceCoverage="0" branchCoverage="0" crapScore="12" isConstructor="false" isStatic="false" isGetter="false" isSetter="false">
              <Summary numSequencePoints="5" visitedSequencePoints="0" numBranchPoints="1" visitedBranchPoints="0" sequenceCoverage="0" branchCoverage="0" maxCyclomaticComplexity="3" minCyclomaticComplexity="3" maxCrapScore="12" minCrapScore="12" visitedClasses="0" numClasses="0" visitedMethods="0" numMethods="1" />
              <MetadataToken>100663319</MetadataToken>
              <Name>System.Void SQLFitness.TreeGenome.Tests.SQLWalkerTests::InterpretWalkerSetup()</Name>
              <FileRef uid="11" />
              <SequencePoints>
                <SequencePoint vc="0" uspid="139" ordinal="0" offset="0" sl="20" sc="9" el="20" ec="10" bec="0" bev="0" fileid="11" />
                <SequencePoint vc="0" uspid="140" ordinal="1" offset="1" sl="21" sc="13" el="21" ec="131" bec="0" bev="0" fileid="11" />
                <SequencePoint vc="0" uspid="141" ordinal="2" offset="61" sl="22" sc="13" el="22" ec="138" bec="0" bev="0" fileid="11" />
                <SequencePoint vc="0" uspid="142" ordinal="3" offset="121" sl="23" sc="13" el="23" ec="50" bec="0" bev="0" fileid="11" />
                <SequencePoint vc="0" uspid="143" ordinal="4" offset="132" sl="24" sc="9" el="24" ec="10" bec="0" bev="0" fileid="11" />
              </SequencePoints>
              <BranchPoints />
              <MethodPoint xsi:type="SequencePoint" vc="0" uspid="139" ordinal="0" offset="0" sl="20" sc="9" el="20" ec="10" bec="0" bev="0" fileid="11" />
            </Method>
            <Method visited="false" cyclomaticComplexity="1" nPathComplexity="0" sequenceCoverage="0" branchCoverage="0" crapScore="2" isConstructor="false" isStatic="false" isGetter="false" isSetter="false">
              <Summary numSequencePoints="6" visitedSequencePoints="0" numBranchPoints="1" visitedBranchPoints="0" sequenceCoverage="0" branchCoverage="0" maxCyclomaticComplexity="1" minCyclomaticComplexity="1" maxCrapScore="2" minCrapScore="2" visitedClasses="0" numClasses="0" visitedMethods="0" numMethods="1" />
              <MetadataToken>100663320</MetadataToken>
              <Name>System.Void SQLFitness.TreeGenome.Tests.SQLWalkerTests::InterpretToSql()</Name>
              <FileRef uid="11" />
              <SequencePoints>
                <SequencePoint vc="0" uspid="148" ordinal="0" offset="0" sl="27" sc="9" el="27" ec="10" bec="0" bev="0" fileid="11" />
                <SequencePoint vc="0" uspid="149" ordinal="1" offset="1" sl="28" sc="13" el="28" ec="76" bec="0" bev="0" fileid="11" />
                <SequencePoint vc="0" uspid="150" ordinal="2" offset="20" sl="29" sc="13" el="29" ec="45" bec="0" bev="0" fileid="11" />
                <SequencePoint vc="0" uspid="151" ordinal="3" offset="33" sl="30" sc="13" el="30" ec="59" bec="0" bev="0" fileid="11" />
                <SequencePoint vc="0" uspid="152" ordinal="4" offset="45" sl="31" sc="13" el="31" ec="92" bec="0" bev="0" fileid="11" />
                <SequencePoint vc="0" uspid="153" ordinal="5" offset="57" sl="32" sc="9" el="32" ec="10" bec="0" bev="0" fileid="11" />
              </SequencePoints>
              <BranchPoints />
              <MethodPoint xsi:type="SequencePoint" vc="0" uspid="148" ordinal="0" offset="0" sl="27" sc="9" el="27" ec="10" bec="0" bev="0" fileid="11" />
            </Method>
            <Method visited="false" cyclomaticComplexity="1" nPathComplexity="0" sequenceCoverage="0" branchCoverage="0" crapScore="2" isConstructor="false" isStatic="false" isGetter="false" isSetter="false">
              <Summary numSequencePoints="7" visitedSequencePoints="0" numBranchPoints="1" visitedBranchPoints="0" sequenceCoverage="0" branchCoverage="0" maxCyclomaticComplexity="1" minCyclomaticComplexity="1" maxCrapScore="2" minCrapScore="2" visitedClasses="0" numClasses="0" visitedMethods="0" numMethods="1" />
              <MetadataToken>100663321</MetadataToken>
              <Name>System.Void SQLFitness.TreeGenome.Tests.SQLWalkerTests::InterpretWalkerTest()</Name>
              <FileRef uid="11" />
              <SequencePoints>
                <SequencePoint vc="0" uspid="154" ordinal="0" offset="0" sl="36" sc="9" el="36" ec="10" bec="0" bev="0" fileid="11" />
                <SequencePoint vc="0" uspid="155" ordinal="1" offset="1" sl="37" sc="13" el="37" ec="76" bec="0" bev="0" fileid="11" />
                <SequencePoint vc="0" uspid="156" ordinal="2" offset="20" sl="38" sc="13" el="38" ec="73" bec="0" bev="0" fileid="11" />
                <SequencePoint vc="0" uspid="157" ordinal="3" offset="29" sl="39" sc="13" el="39" ec="45" bec="0" bev="0" fileid="11" />
                <SequencePoint vc="0" uspid="158" ordinal="4" offset="42" sl="40" sc="13" el="40" ec="59" bec="0" bev="0" fileid="11" />
                <SequencePoint vc="0" uspid="159" ordinal="5" offset="54" sl="41" sc="13" el="41" ec="150" bec="0" bev="0" fileid="11" />
                <SequencePoint vc="0" uspid="160" ordinal="6" offset="66" sl="42" sc="9" el="42" ec="10" bec="0" bev="0" fileid="11" />
              </SequencePoints>
              <BranchPoints />
              <MethodPoint xsi:type="SequencePoint" vc="0" uspid="154" ordinal="0" offset="0" sl="36" sc="9" el="36" ec="10" bec="0" bev="0" fileid="11" />
            </Method>
            <Method visited="false" cyclomaticComplexity="1" nPathComplexity="0" sequenceCoverage="0" branchCoverage="0" crapScore="2" isConstructor="true" isStatic="false" isGetter="false" isSetter="false">
              <Summary numSequencePoints="0" visitedSequencePoints="0" numBranchPoints="0" visitedBranchPoints="0" sequenceCoverage="0" branchCoverage="0" maxCyclomaticComplexity="1" minCyclomaticComplexity="1" maxCrapScore="2" minCrapScore="2" visitedClasses="0" numClasses="0" visitedMethods="0" numMethods="0" />
              <MetadataToken>100663322</MetadataToken>
              <Name>System.Void SQLFitness.TreeGenome.Tests.SQLWalkerTests::.ctor()</Name>
              <SequencePoints />
              <BranchPoints />
              <MethodPoint vc="0" uspid="161" ordinal="0" offset="0" />
            </Method>
          </Methods>
        </Class>
        <Class>
          <Summary numSequencePoints="2" visitedSequencePoints="0" numBranchPoints="2" visitedBranchPoints="0" sequenceCoverage="0" branchCoverage="0" maxCyclomaticComplexity="1" minCyclomaticComplexity="1" maxCrapScore="2" minCrapScore="2" visitedClasses="0" numClasses="1" visitedMethods="0" numMethods="2" />
          <FullName>SQLFitness.TreeGenome.Tests.SQLWalkerTests/&lt;&gt;c</FullName>
          <Methods>
            <Method visited="false" cyclomaticComplexity="1" nPathComplexity="0" sequenceCoverage="0" branchCoverage="0" crapScore="2" isConstructor="true" isStatic="true" isGetter="false" isSetter="false">
              <Summary numSequencePoints="0" visitedSequencePoints="0" numBranchPoints="0" visitedBranchPoints="0" sequenceCoverage="0" branchCoverage="0" maxCyclomaticComplexity="1" minCyclomaticComplexity="1" maxCrapScore="2" minCrapScore="2" visitedClasses="0" numClasses="0" visitedMethods="0" numMethods="0" />
              <MetadataToken>100663365</MetadataToken>
              <Name>System.Void SQLFitness.TreeGenome.Tests.SQLWalkerTests/&lt;&gt;c::.cctor()</Name>
              <SequencePoints />
              <BranchPoints />
              <MethodPoint vc="0" uspid="162" ordinal="0" offset="0" />
            </Method>
            <Method visited="false" cyclomaticComplexity="1" nPathComplexity="0" sequenceCoverage="0" branchCoverage="0" crapScore="2" isConstructor="true" isStatic="false" isGetter="false" isSetter="false">
              <Summary numSequencePoints="0" visitedSequencePoints="0" numBranchPoints="0" visitedBranchPoints="0" sequenceCoverage="0" branchCoverage="0" maxCyclomaticComplexity="1" minCyclomaticComplexity="1" maxCrapScore="2" minCrapScore="2" visitedClasses="0" numClasses="0" visitedMethods="0" numMethods="0" />
              <MetadataToken>100663366</MetadataToken>
              <Name>System.Void SQLFitness.TreeGenome.Tests.SQLWalkerTests/&lt;&gt;c::.ctor()</Name>
              <SequencePoints />
              <BranchPoints />
              <MethodPoint vc="0" uspid="163" ordinal="0" offset="0" />
            </Method>
            <Method visited="false" cyclomaticComplexity="1" nPathComplexity="0" sequenceCoverage="0" branchCoverage="0" crapScore="2" isConstructor="false" isStatic="false" isGetter="false" isSetter="false">
              <Summary numSequencePoints="1" visitedSequencePoints="0" numBranchPoints="1" visitedBranchPoints="0" sequenceCoverage="0" branchCoverage="0" maxCyclomaticComplexity="1" minCyclomaticComplexity="1" maxCrapScore="2" minCrapScore="2" visitedClasses="0" numClasses="0" visitedMethods="0" numMethods="1" />
              <MetadataToken>100663367</MetadataToken>
              <Name>System.Collections.Generic.List`1&lt;System.Object&gt; SQLFitness.TreeGenome.Tests.SQLWalkerTests/&lt;&gt;c::&lt;InterpretWalkerSetup&gt;b__3_0(System.String)</Name>
              <FileRef uid="11" />
              <SequencePoints>
                <SequencePoint vc="0" uspid="164" ordinal="0" offset="0" sl="21" sc="80" el="21" ec="108" bec="0" bev="0" fileid="11" />
              </SequencePoints>
              <BranchPoints />
              <MethodPoint xsi:type="SequencePoint" vc="0" uspid="164" ordinal="0" offset="0" sl="21" sc="80" el="21" ec="108" bec="0" bev="0" fileid="11" />
            </Method>
            <Method visited="false" cyclomaticComplexity="1" nPathComplexity="0" sequenceCoverage="0" branchCoverage="0" crapScore="2" isConstructor="false" isStatic="false" isGetter="false" isSetter="false">
              <Summary numSequencePoints="1" visitedSequencePoints="0" numBranchPoints="1" visitedBranchPoints="0" sequenceCoverage="0" branchCoverage="0" maxCyclomaticComplexity="1" minCyclomaticComplexity="1" maxCrapScore="2" minCrapScore="2" visitedClasses="0" numClasses="0" visitedMethods="0" numMethods="1" />
              <MetadataToken>100663368</MetadataToken>
              <Name>System.Collections.Generic.List`1&lt;System.Object&gt; SQLFitness.TreeGenome.Tests.SQLWalkerTests/&lt;&gt;c::&lt;InterpretWalkerSetup&gt;b__3_1(System.String)</Name>
              <FileRef uid="11" />
              <SequencePoints>
                <SequencePoint vc="0" uspid="165" ordinal="0" offset="0" sl="22" sc="79" el="22" ec="107" bec="0" bev="0" fileid="11" />
              </SequencePoints>
              <BranchPoints />
              <MethodPoint xsi:type="SequencePoint" vc="0" uspid="165" ordinal="0" offset="0" sl="22" sc="79" el="22" ec="107" bec="0" bev="0" fileid="11" />
            </Method>
          </Methods>
        </Class>
        <Class>
          <Summary numSequencePoints="34" visitedSequencePoints="0" numBranchPoints="6" visitedBranchPoints="0" sequenceCoverage="0" branchCoverage="0" maxCyclomaticComplexity="1" minCyclomaticComplexity="1" maxCrapScore="2" minCrapScore="2" visitedClasses="0" numClasses="1" visitedMethods="0" numMethods="6" />
          <FullName>SQLFitness.TreeGenome.Tests.MutateWalkerTests</FullName>
          <Methods>
            <Method visited="false" cyclomaticComplexity="1" nPathComplexity="0" sequenceCoverage="0" branchCoverage="0" crapScore="2" isConstructor="false" isStatic="false" isGetter="false" isSetter="false">
              <Summary numSequencePoints="1" visitedSequencePoints="0" numBranchPoints="1" visitedBranchPoints="0" sequenceCoverage="0" branchCoverage="0" maxCyclomaticComplexity="1" minCyclomaticComplexity="1" maxCrapScore="2" minCrapScore="2" visitedClasses="0" numClasses="0" visitedMethods="0" numMethods="1" />
              <MetadataToken>100663323</MetadataToken>
              <Name>SQLFitness.PredicateNode SQLFitness.TreeGenome.Tests.MutateWalkerTests::predicateBuilder(System.String,System.String)</Name>
              <FileRef uid="13" />
              <SequencePoints>
                <SequencePoint vc="0" uspid="166" ordinal="0" offset="13" sl="20" sc="76" el="20" ec="151" bec="0" bev="0" fileid="13" />
              </SequencePoints>
              <BranchPoints />
              <MethodPoint vc="0" uspid="167" ordinal="0" offset="0" />
            </Method>
            <Method visited="false" cyclomaticComplexity="1" nPathComplexity="0" sequenceCoverage="0" branchCoverage="0" crapScore="2" isConstructor="false" isStatic="false" isGetter="false" isSetter="false">
              <Summary numSequencePoints="7" visitedSequencePoints="0" numBranchPoints="1" visitedBranchPoints="0" sequenceCoverage="0" branchCoverage="0" maxCyclomaticComplexity="1" minCyclomaticComplexity="1" maxCrapScore="2" minCrapScore="2" visitedClasses="0" numClasses="0" visitedMethods="0" numMethods="1" />
              <MetadataToken>100663324</MetadataToken>
              <Name>System.Void SQLFitness.TreeGenome.Tests.MutateWalkerTests::MutateWalkerSetup()</Name>
              <FileRef uid="13" />
              <SequencePoints>
                <SequencePoint vc="0" uspid="168" ordinal="0" offset="0" sl="24" sc="9" el="24" ec="10" bec="0" bev="0" fileid="13" />
                <SequencePoint vc="0" uspid="169" ordinal="1" offset="1" sl="25" sc="13" el="25" ec="85" bec="0" bev="0" fileid="13" />
                <SequencePoint vc="0" uspid="170" ordinal="2" offset="23" sl="26" sc="13" el="26" ec="81" bec="0" bev="0" fileid="13" />
                <SequencePoint vc="0" uspid="171" ordinal="3" offset="45" sl="27" sc="13" el="27" ec="100" bec="0" bev="0" fileid="13" />
                <SequencePoint vc="0" uspid="172" ordinal="4" offset="69" sl="28" sc="13" el="28" ec="88" bec="0" bev="0" fileid="13" />
                <SequencePoint vc="0" uspid="173" ordinal="5" offset="93" sl="30" sc="13" el="30" ec="79" bec="0" bev="0" fileid="13" />
                <SequencePoint vc="0" uspid="174" ordinal="6" offset="115" sl="31" sc="9" el="31" ec="10" bec="0" bev="0" fileid="13" />
              </SequencePoints>
              <BranchPoints />
              <MethodPoint xsi:type="SequencePoint" vc="0" uspid="168" ordinal="0" offset="0" sl="24" sc="9" el="24" ec="10" bec="0" bev="0" fileid="13" />
            </Method>
            <Method visited="false" cyclomaticComplexity="1" nPathComplexity="0" sequenceCoverage="0" branchCoverage="0" crapScore="2" isConstructor="false" isStatic="false" isGetter="false" isSetter="false">
              <Summary numSequencePoints="5" visitedSequencePoints="0" numBranchPoints="1" visitedBranchPoints="0" sequenceCoverage="0" branchCoverage="0" maxCyclomaticComplexity="1" minCyclomaticComplexity="1" maxCrapScore="2" minCrapScore="2" visitedClasses="0" numClasses="0" visitedMethods="0" numMethods="1" />
              <MetadataToken>100663325</MetadataToken>
              <Name>System.Void SQLFitness.TreeGenome.Tests.MutateWalkerTests::MutateBinaryPos1()</Name>
              <FileRef uid="13" />
              <SequencePoints>
                <SequencePoint vc="0" uspid="175" ordinal="0" offset="0" sl="35" sc="9" el="35" ec="10" bec="0" bev="0" fileid="13" />
                <SequencePoint vc="0" uspid="176" ordinal="1" offset="1" sl="36" sc="13" el="36" ec="47" bec="0" bev="0" fileid="13" />
                <SequencePoint vc="0" uspid="177" ordinal="2" offset="8" sl="37" sc="13" el="37" ec="38" bec="0" bev="0" fileid="13" />
                <SequencePoint vc="0" uspid="178" ordinal="3" offset="21" sl="38" sc="13" el="38" ec="59" bec="0" bev="0" fileid="13" />
                <SequencePoint vc="0" uspid="179" ordinal="4" offset="39" sl="39" sc="9" el="39" ec="10" bec="0" bev="0" fileid="13" />
              </SequencePoints>
              <BranchPoints />
              <MethodPoint xsi:type="SequencePoint" vc="0" uspid="175" ordinal="0" offset="0" sl="35" sc="9" el="35" ec="10" bec="0" bev="0" fileid="13" />
            </Method>
            <Method visited="false" cyclomaticComplexity="1" nPathComplexity="0" sequenceCoverage="0" branchCoverage="0" crapScore="2" isConstructor="false" isStatic="false" isGetter="false" isSetter="false">
              <Summary numSequencePoints="5" visitedSequencePoints="0" numBranchPoints="1" visitedBranchPoints="0" sequenceCoverage="0" branchCoverage="0" maxCyclomaticComplexity="1" minCyclomaticComplexity="1" maxCrapScore="2" minCrapScore="2" visitedClasses="0" numClasses="0" visitedMethods="0" numMethods="1" />
              <MetadataToken>100663326</MetadataToken>
              <Name>System.Void SQLFitness.TreeGenome.Tests.MutateWalkerTests::MutateWalkerTest()</Name>
              <FileRef uid="13" />
              <SequencePoints>
                <SequencePoint vc="0" uspid="180" ordinal="0" offset="0" sl="43" sc="9" el="43" ec="10" bec="0" bev="0" fileid="13" />
                <SequencePoint vc="0" uspid="181" ordinal="1" offset="1" sl="44" sc="13" el="44" ec="47" bec="0" bev="0" fileid="13" />
                <SequencePoint vc="0" uspid="182" ordinal="2" offset="8" sl="45" sc="13" el="45" ec="38" bec="0" bev="0" fileid="13" />
                <SequencePoint vc="0" uspid="183" ordinal="3" offset="21" sl="46" sc="13" el="46" ec="86" bec="0" bev="0" fileid="13" />
                <SequencePoint vc="0" uspid="184" ordinal="4" offset="49" sl="47" sc="9" el="47" ec="10" bec="0" bev="0" fileid="13" />
              </SequencePoints>
              <BranchPoints />
              <MethodPoint xsi:type="SequencePoint" vc="0" uspid="180" ordinal="0" offset="0" sl="43" sc="9" el="43" ec="10" bec="0" bev="0" fileid="13" />
            </Method>
            <Method visited="false" cyclomaticComplexity="1" nPathComplexity="0" sequenceCoverage="0" branchCoverage="0" crapScore="2" isConstructor="false" isStatic="false" isGetter="false" isSetter="false">
              <Summary numSequencePoints="8" visitedSequencePoints="0" numBranchPoints="1" visitedBranchPoints="0" sequenceCoverage="0" branchCoverage="0" maxCyclomaticComplexity="1" minCyclomaticComplexity="1" maxCrapScore="2" minCrapScore="2" visitedClasses="0" numClasses="0" visitedMethods="0" numMethods="1" />
              <MetadataToken>100663327</MetadataToken>
              <Name>System.Void SQLFitness.TreeGenome.Tests.MutateWalkerTests::MutateLastPositionPredicate()</Name>
              <FileRef uid="13" />
              <SequencePoints>
                <SequencePoint vc="0" uspid="185" ordinal="0" offset="0" sl="51" sc="9" el="51" ec="10" bec="0" bev="0" fileid="13" />
                <SequencePoint vc="0" uspid="186" ordinal="1" offset="1" sl="52" sc="13" el="52" ec="71" bec="0" bev="0" fileid="13" />
                <SequencePoint vc="0" uspid="187" ordinal="2" offset="18" sl="53" sc="13" el="53" ec="74" bec="0" bev="0" fileid="13" />
                <SequencePoint vc="0" uspid="188" ordinal="3" offset="35" sl="54" sc="13" el="54" ec="75" bec="0" bev="0" fileid="13" />
                <SequencePoint vc="0" uspid="189" ordinal="4" offset="43" sl="55" sc="13" el="55" ec="66" bec="0" bev="0" fileid="13" />
                <SequencePoint vc="0" uspid="190" ordinal="5" offset="55" sl="56" sc="13" el="56" ec="38" bec="0" bev="0" fileid="13" />
                <SequencePoint vc="0" uspid="191" ordinal="6" offset="63" sl="57" sc="13" el="57" ec="90" bec="0" bev="0" fileid="13" />
                <SequencePoint vc="0" uspid="192" ordinal="7" offset="91" sl="58" sc="9" el="58" ec="10" bec="0" bev="0" fileid="13" />
              </SequencePoints>
              <BranchPoints />
              <MethodPoint xsi:type="SequencePoint" vc="0" uspid="185" ordinal="0" offset="0" sl="51" sc="9" el="51" ec="10" bec="0" bev="0" fileid="13" />
            </Method>
            <Method visited="false" cyclomaticComplexity="1" nPathComplexity="0" sequenceCoverage="0" branchCoverage="0" crapScore="2" isConstructor="false" isStatic="false" isGetter="false" isSetter="false">
              <Summary numSequencePoints="8" visitedSequencePoints="0" numBranchPoints="1" visitedBranchPoints="0" sequenceCoverage="0" branchCoverage="0" maxCyclomaticComplexity="1" minCyclomaticComplexity="1" maxCrapScore="2" minCrapScore="2" visitedClasses="0" numClasses="0" visitedMethods="0" numMethods="1" />
              <MetadataToken>100663328</MetadataToken>
              <Name>System.Void SQLFitness.TreeGenome.Tests.MutateWalkerTests::MutateBinaryNodeType(SQLFitness.BinaryNodeType)</Name>
              <FileRef uid="13" />
              <SequencePoints>
                <SequencePoint vc="0" uspid="193" ordinal="0" offset="0" sl="63" sc="9" el="63" ec="10" bec="0" bev="0" fileid="13" />
                <SequencePoint vc="0" uspid="194" ordinal="1" offset="1" sl="64" sc="13" el="64" ec="71" bec="0" bev="0" fileid="13" />
                <SequencePoint vc="0" uspid="195" ordinal="2" offset="18" sl="65" sc="13" el="65" ec="74" bec="0" bev="0" fileid="13" />
                <SequencePoint vc="0" uspid="196" ordinal="3" offset="35" sl="66" sc="13" el="66" ec="88" bec="0" bev="0" fileid="13" />
                <SequencePoint vc="0" uspid="197" ordinal="4" offset="44" sl="67" sc="13" el="67" ec="47" bec="0" bev="0" fileid="13" />
                <SequencePoint vc="0" uspid="198" ordinal="5" offset="51" sl="68" sc="13" el="68" ec="38" bec="0" bev="0" fileid="13" />
                <SequencePoint vc="0" uspid="199" ordinal="6" offset="59" sl="69" sc="13" el="69" ec="84" bec="0" bev="0" fileid="13" />
                <SequencePoint vc="0" uspid="200" ordinal="7" offset="92" sl="70" sc="9" el="70" ec="10" bec="0" bev="0" fileid="13" />
              </SequencePoints>
              <BranchPoints />
              <MethodPoint xsi:type="SequencePoint" vc="0" uspid="193" ordinal="0" offset="0" sl="63" sc="9" el="63" ec="10" bec="0" bev="0" fileid="13" />
            </Method>
            <Method visited="false" cyclomaticComplexity="1" nPathComplexity="0" sequenceCoverage="0" branchCoverage="0" crapScore="2" isConstructor="true" isStatic="false" isGetter="false" isSetter="false">
              <Summary numSequencePoints="0" visitedSequencePoints="0" numBranchPoints="0" visitedBranchPoints="0" sequenceCoverage="0" branchCoverage="0" maxCyclomaticComplexity="1" minCyclomaticComplexity="1" maxCrapScore="2" minCrapScore="2" visitedClasses="0" numClasses="0" visitedMethods="0" numMethods="0" />
              <MetadataToken>100663329</MetadataToken>
[...]
              <Summary numSequencePoints="0" visitedSequencePoints="0" numBranchPoints="0" visitedBranchPoints="0" sequenceCoverage="0" branchCoverage="0" maxCyclomaticComplexity="1" minCyclomaticComplexity="1" maxCrapScore="2" minCrapScore="2" visitedClasses="0" numClasses="0" visitedMethods="0" numMethods="0" />
              <MetadataToken>100663517</MetadataToken>
              <Name>System.Void SQLFitness.Utility/&lt;&gt;c::.cctor()</Name>
              <SequencePoints />
              <BranchPoints />
              <MethodPoint vc="0" uspid="1844" ordinal="0" offset="0" />
            </Method>
            <Method visited="false" cyclomaticComplexity="1" nPathComplexity="0" sequenceCoverage="0" branchCoverage="0" crapScore="2" isConstructor="true" isStatic="false" isGetter="false" isSetter="false">
              <Summary numSequencePoints="0" visitedSequencePoints="0" numBranchPoints="0" visitedBranchPoints="0" sequenceCoverage="0" branchCoverage="0" maxCyclomaticComplexity="1" minCyclomaticComplexity="1" maxCrapScore="2" minCrapScore="2" visitedClasses="0" numClasses="0" visitedMethods="0" numMethods="0" />
              <MetadataToken>100663518</MetadataToken>
              <Name>System.Void SQLFitness.Utility/&lt;&gt;c::.ctor()</Name>
              <SequencePoints />
              <BranchPoints />
              <MethodPoint vc="0" uspid="1845" ordinal="0" offset="0" />
            </Method>
            <Method visited="false" cyclomaticComplexity="1" nPathComplexity="0" sequenceCoverage="0" branchCoverage="0" crapScore="2" isConstructor="false" isStatic="false" isGetter="false" isSetter="false">
              <Summary numSequencePoints="1" visitedSequencePoints="0" numBranchPoints="1" visitedBranchPoints="0" sequenceCoverage="0" branchCoverage="0" maxCyclomaticComplexity="1" minCyclomaticComplexity="1" maxCrapScore="2" minCrapScore="2" visitedClasses="0" numClasses="0" visitedMethods="0" numMethods="1" />
              <MetadataToken>100663519</MetadataToken>
              <Name>System.String SQLFitness.Utility/&lt;&gt;c::&lt;DistinctChromosomes&gt;b__5_0(SQLFitness.Chromosome)</Name>
              <FileRef uid="100" />
              <SequencePoints>
                <SequencePoint vc="0" uspid="1846" ordinal="0" offset="0" sl="29" sc="109" el="29" ec="116" bec="0" bev="0" fileid="100" />
              </SequencePoints>
              <BranchPoints />
              <MethodPoint xsi:type="SequencePoint" vc="0" uspid="1846" ordinal="0" offset="0" sl="29" sc="109" el="29" ec="116" bec="0" bev="0" fileid="100" />
            </Method>
            <Method visited="false" cyclomaticComplexity="1" nPathComplexity="0" sequenceCoverage="0" branchCoverage="0" crapScore="2" isConstructor="false" isStatic="false" isGetter="false" isSetter="false">
              <Summary numSequencePoints="1" visitedSequencePoints="0" numBranchPoints="1" visitedBranchPoints="0" sequenceCoverage="0" branchCoverage="0" maxCyclomaticComplexity="1" minCyclomaticComplexity="1" maxCrapScore="2" minCrapScore="2" visitedClasses="0" numClasses="0" visitedMethods="0" numMethods="1" />
              <MetadataToken>100663520</MetadataToken>
              <Name>SQLFitness.Chromosome SQLFitness.Utility/&lt;&gt;c::&lt;DistinctChromosomes&gt;b__5_1(System.Linq.IGrouping`2&lt;System.String,SQLFitness.Chromosome&gt;)</Name>
              <FileRef uid="100" />
              <SequencePoints>
                <SequencePoint vc="0" uspid="1847" ordinal="0" offset="0" sl="29" sc="130" el="29" ec="139" bec="0" bev="0" fileid="100" />
              </SequencePoints>
              <BranchPoints />
              <MethodPoint xsi:type="SequencePoint" vc="0" uspid="1847" ordinal="0" offset="0" sl="29" sc="130" el="29" ec="139" bec="0" bev="0" fileid="100" />
            </Method>
            <Method visited="false" cyclomaticComplexity="1" nPathComplexity="0" sequenceCoverage="0" branchCoverage="0" crapScore="2" isConstructor="false" isStatic="false" isGetter="false" isSetter="false">
              <Summary numSequencePoints="1" visitedSequencePoints="0" numBranchPoints="1" visitedBranchPoints="0" sequenceCoverage="0" branchCoverage="0" maxCyclomaticComplexity="1" minCyclomaticComplexity="1" maxCrapScore="2" minCrapScore="2" visitedClasses="0" numClasses="0" visitedMethods="0" numMethods="1" />
              <MetadataToken>100663521</MetadataToken>
              <Name>System.String SQLFitness.Utility/&lt;&gt;c::&lt;DistinctChromosomes&gt;b__6_0(SQLFitness.Selection)</Name>
              <FileRef uid="100" />
              <SequencePoints>
                <SequencePoint vc="0" uspid="1848" ordinal="0" offset="0" sl="30" sc="107" el="30" ec="114" bec="0" bev="0" fileid="100" />
              </SequencePoints>
              <BranchPoints />
              <MethodPoint xsi:type="SequencePoint" vc="0" uspid="1848" ordinal="0" offset="0" sl="30" sc="107" el="30" ec="114" bec="0" bev="0" fileid="100" />
            </Method>
            <Method visited="false" cyclomaticComplexity="1" nPathComplexity="0" sequenceCoverage="0" branchCoverage="0" crapScore="2" isConstructor="false" isStatic="false" isGetter="false" isSetter="false">
              <Summary numSequencePoints="1" visitedSequencePoints="0" numBranchPoints="1" visitedBranchPoints="0" sequenceCoverage="0" branchCoverage="0" maxCyclomaticComplexity="1" minCyclomaticComplexity="1" maxCrapScore="2" minCrapScore="2" visitedClasses="0" numClasses="0" visitedMethods="0" numMethods="1" />
              <MetadataToken>100663522</MetadataToken>
              <Name>SQLFitness.Selection SQLFitness.Utility/&lt;&gt;c::&lt;DistinctChromosomes&gt;b__6_1(System.Linq.IGrouping`2&lt;System.String,SQLFitness.Selection&gt;)</Name>
              <FileRef uid="100" />
              <SequencePoints>
                <SequencePoint vc="0" uspid="1849" ordinal="0" offset="0" sl="30" sc="128" el="30" ec="137" bec="0" bev="0" fileid="100" />
              </SequencePoints>
              <BranchPoints />
              <MethodPoint xsi:type="SequencePoint" vc="0" uspid="1849" ordinal="0" offset="0" sl="30" sc="128" el="30" ec="137" bec="0" bev="0" fileid="100" />
            </Method>
            <Method visited="false" cyclomaticComplexity="1" nPathComplexity="0" sequenceCoverage="0" branchCoverage="0" crapScore="2" isConstructor="false" isStatic="false" isGetter="false" isSetter="false">
              <Summary numSequencePoints="1" visitedSequencePoints="0" numBranchPoints="1" visitedBranchPoints="0" sequenceCoverage="0" branchCoverage="0" maxCyclomaticComplexity="1" minCyclomaticComplexity="1" maxCrapScore="2" minCrapScore="2" visitedClasses="0" numClasses="0" visitedMethods="0" numMethods="1" />
              <MetadataToken>100663523</MetadataToken>
              <Name>System.String SQLFitness.Utility/&lt;&gt;c::&lt;DistinctChromosomes&gt;b__7_0(SQLFitness.Projection)</Name>
              <FileRef uid="100" />
              <SequencePoints>
                <SequencePoint vc="0" uspid="1850" ordinal="0" offset="0" sl="31" sc="109" el="31" ec="116" bec="0" bev="0" fileid="100" />
              </SequencePoints>
              <BranchPoints />
              <MethodPoint xsi:type="SequencePoint" vc="0" uspid="1850" ordinal="0" offset="0" sl="31" sc="109" el="31" ec="116" bec="0" bev="0" fileid="100" />
            </Method>
            <Method visited="false" cyclomaticComplexity="1" nPathComplexity="0" sequenceCoverage="0" branchCoverage="0" crapScore="2" isConstructor="false" isStatic="false" isGetter="false" isSetter="false">
              <Summary numSequencePoints="1" visitedSequencePoints="0" numBranchPoints="1" visitedBranchPoints="0" sequenceCoverage="0" branchCoverage="0" maxCyclomaticComplexity="1" minCyclomaticComplexity="1" maxCrapScore="2" minCrapScore="2" visitedClasses="0" numClasses="0" visitedMethods="0" numMethods="1" />
              <MetadataToken>100663524</MetadataToken>
              <Name>SQLFitness.Projection SQLFitness.Utility/&lt;&gt;c::&lt;DistinctChromosomes&gt;b__7_1(System.Linq.IGrouping`2&lt;System.String,SQLFitness.Projection&gt;)</Name>
              <FileRef uid="100" />
              <SequencePoints>
                <SequencePoint vc="0" uspid="1851" ordinal="0" offset="0" sl="31" sc="130" el="31" ec="139" bec="0" bev="0" fileid="100" />
              </SequencePoints>
              <BranchPoints />
              <MethodPoint xsi:type="SequencePoint" vc="0" uspid="1851" ordinal="0" offset="0" sl="31" sc="130" el="31" ec="139" bec="0" bev="0" fileid="100" />
            </Method>
            <Method visited="false" cyclomaticComplexity="1" nPathComplexity="0" sequenceCoverage="0" branchCoverage="0" crapScore="2" isConstructor="false" isStatic="false" isGetter="false" isSetter="false">
              <Summary numSequencePoints="1" visitedSequencePoints="0" numBranchPoints="1" visitedBranchPoints="0" sequenceCoverage="0" branchCoverage="0" maxCyclomaticComplexity="1" minCyclomaticComplexity="1" maxCrapScore="2" minCrapScore="2" visitedClasses="0" numClasses="0" visitedMethods="0" numMethods="1" />
              <MetadataToken>100663525</MetadataToken>
              <Name>System.String SQLFitness.Utility/&lt;&gt;c::&lt;DistinctChromosomes&gt;b__8_0(SQLFitness.Projection)</Name>
              <FileRef uid="100" />
              <SequencePoints>
                <SequencePoint vc="0" uspid="1852" ordinal="0" offset="0" sl="32" sc="110" el="32" ec="117" bec="0" bev="0" fileid="100" />
              </SequencePoints>
              <BranchPoints />
              <MethodPoint xsi:type="SequencePoint" vc="0" uspid="1852" ordinal="0" offset="0" sl="32" sc="110" el="32" ec="117" bec="0" bev="0" fileid="100" />
            </Method>
            <Method visited="false" cyclomaticComplexity="1" nPathComplexity="0" sequenceCoverage="0" branchCoverage="0" crapScore="2" isConstructor="false" isStatic="false" isGetter="false" isSetter="false">
              <Summary numSequencePoints="1" visitedSequencePoints="0" numBranchPoints="1" visitedBranchPoints="0" sequenceCoverage="0" branchCoverage="0" maxCyclomaticComplexity="1" minCyclomaticComplexity="1" maxCrapScore="2" minCrapScore="2" visitedClasses="0" numClasses="0" visitedMethods="0" numMethods="1" />
              <MetadataToken>100663526</MetadataToken>
              <Name>SQLFitness.Projection SQLFitness.Utility/&lt;&gt;c::&lt;DistinctChromosomes&gt;b__8_1(System.Linq.IGrouping`2&lt;System.String,SQLFitness.Projection&gt;)</Name>
              <FileRef uid="100" />
              <SequencePoints>
                <SequencePoint vc="0" uspid="1853" ordinal="0" offset="0" sl="32" sc="131" el="32" ec="140" bec="0" bev="0" fileid="100" />
              </SequencePoints>
              <BranchPoints />
              <MethodPoint xsi:type="SequencePoint" vc="0" uspid="1853" ordinal="0" offset="0" sl="32" sc="131" el="32" ec="140" bec="0" bev="0" fileid="100" />
            </Method>
          </Methods>
        </Class>
        <Class>
          <Summary numSequencePoints="26" visitedSequencePoints="0" numBranchPoints="10" visitedBranchPoints="0" sequenceCoverage="0" branchCoverage="0" maxCyclomaticComplexity="3" minCyclomaticComplexity="1" maxCrapScore="12" minCrapScore="2" visitedClasses="0" numClasses="1" visitedMethods="0" numMethods="4" />
          <FullName>SQLFitness.TreeGenome.DuplicateCounter</FullName>
          <Methods>
            <Method visited="false" cyclomaticComplexity="1" nPathComplexity="0" sequenceCoverage="0" branchCoverage="0" crapScore="2" isConstructor="false" isStatic="false" isGetter="true" isSetter="false">
              <Summary numSequencePoints="1" visitedSequencePoints="0" numBranchPoints="1" visitedBranchPoints="0" sequenceCoverage="0" branchCoverage="0" maxCyclomaticComplexity="1" minCyclomaticComplexity="1" maxCrapScore="2" minCrapScore="2" visitedClasses="0" numClasses="0" visitedMethods="0" numMethods="1" />
              <MetadataToken>100663474</MetadataToken>
              <Name>System.Collections.Generic.Dictionary`2&lt;SQLFitness.Node,System.Int32&gt; SQLFitness.TreeGenome.DuplicateCounter::get_RemoveItemsList()</Name>
              <FileRef uid="102" />
              <SequencePoints>
                <SequencePoint vc="0" uspid="1854" ordinal="0" offset="0" sl="54" sc="63" el="54" ec="80" bec="0" bev="0" fileid="102" />
              </SequencePoints>
              <BranchPoints />
              <MethodPoint xsi:type="SequencePoint" vc="0" uspid="1854" ordinal="0" offset="0" sl="54" sc="63" el="54" ec="80" bec="0" bev="0" fileid="102" />
            </Method>
            <Method visited="false" cyclomaticComplexity="1" nPathComplexity="0" sequenceCoverage="0" branchCoverage="0" crapScore="2" isConstructor="true" isStatic="false" isGetter="false" isSetter="false">
              <Summary numSequencePoints="6" visitedSequencePoints="0" numBranchPoints="1" visitedBranchPoints="0" sequenceCoverage="0" branchCoverage="0" maxCyclomaticComplexity="1" minCyclomaticComplexity="1" maxCrapScore="2" minCrapScore="2" visitedClasses="0" numClasses="0" visitedMethods="0" numMethods="1" />
              <MetadataToken>100663471</MetadataToken>
              <Name>System.Void SQLFitness.TreeGenome.DuplicateCounter::.ctor(System.Int32)</Name>
              <FileRef uid="102" />
              <SequencePoints>
                <SequencePoint vc="0" uspid="1855" ordinal="0" offset="0" sl="17" sc="9" el="17" ec="48" bec="0" bev="0" fileid="102" />
                <SequencePoint vc="0" uspid="1856" ordinal="1" offset="7" sl="18" sc="9" el="18" ec="10" bec="0" bev="0" fileid="102" />
                <SequencePoint vc="0" uspid="1857" ordinal="2" offset="8" sl="19" sc="13" el="19" ec="30" bec="0" bev="0" fileid="102" />
                <SequencePoint vc="0" uspid="1858" ordinal="3" offset="15" sl="20" sc="13" el="20" ec="61" bec="0" bev="0" fileid="102" />
                <SequencePoint vc="0" uspid="1859" ordinal="4" offset="26" sl="21" sc="13" el="21" ec="27" bec="0" bev="0" fileid="102" />
                <SequencePoint vc="0" uspid="1860" ordinal="5" offset="33" sl="22" sc="9" el="22" ec="10" bec="0" bev="0" fileid="102" />
              </SequencePoints>
              <BranchPoints />
              <MethodPoint xsi:type="SequencePoint" vc="0" uspid="1855" ordinal="0" offset="0" sl="17" sc="9" el="17" ec="48" bec="0" bev="0" fileid="102" />
            </Method>
            <Method visited="false" cyclomaticComplexity="2" nPathComplexity="2" sequenceCoverage="0" branchCoverage="0" crapScore="6" isConstructor="false" isStatic="false" isGetter="false" isSetter="false">
              <Summary numSequencePoints="7" visitedSequencePoints="0" numBranchPoints="3" visitedBranchPoints="0" sequenceCoverage="0" branchCoverage="0" maxCyclomaticComplexity="2" minCyclomaticComplexity="2" maxCrapScore="6" minCrapScore="6" visitedClasses="0" numClasses="0" visitedMethods="0" numMethods="1" />
              <MetadataToken>100663472</MetadataToken>
              <Name>System.Void SQLFitness.TreeGenome.DuplicateCounter::Visit(SQLFitness.BinaryNode)</Name>
              <FileRef uid="102" />
              <SequencePoints>
                <SequencePoint vc="0" uspid="1861" ordinal="0" offset="0" sl="25" sc="9" el="25" ec="10" bec="0" bev="0" fileid="102" />
                <SequencePoint vc="0" uspid="1862" ordinal="1" offset="1" sl="26" sc="13" el="26" ec="24" bec="2" bev="0" fileid="102" />
                <SequencePoint vc="0" uspid="1863" ordinal="2" offset="11" sl="27" sc="13" el="27" ec="14" bec="0" bev="0" fileid="102" />
                <SequencePoint vc="0" uspid="1864" ordinal="3" offset="12" sl="29" sc="13" el="29" ec="14" bec="0" bev="0" fileid="102" />
                <SequencePoint vc="0" uspid="1865" ordinal="4" offset="13" sl="30" sc="13" el="30" ec="37" bec="0" bev="0" fileid="102" />
                <SequencePoint vc="0" uspid="1866" ordinal="5" offset="26" sl="31" sc="13" el="31" ec="38" bec="0" bev="0" fileid="102" />
                <SequencePoint vc="0" uspid="1867" ordinal="6" offset="39" sl="32" sc="9" el="32" ec="10" bec="0" bev="0" fileid="102" />
              </SequencePoints>
              <BranchPoints>
                <BranchPoint vc="0" uspid="1868" ordinal="0" offset="9" sl="26" path="0" offsetend="11" fileid="102" />
                <BranchPoint vc="0" uspid="1869" ordinal="1" offset="9" sl="26" path="1" offsetend="13" fileid="102" />
              </BranchPoints>
              <MethodPoint xsi:type="SequencePoint" vc="0" uspid="1861" ordinal="0" offset="0" sl="25" sc="9" el="25" ec="10" bec="0" bev="0" fileid="102" />
            </Method>
            <Method visited="false" cyclomaticComplexity="3" nPathComplexity="4" sequenceCoverage="0" branchCoverage="0" crapScore="12" isConstructor="false" isStatic="false" isGetter="false" isSetter="false">
              <Summary numSequencePoints="12" visitedSequencePoints="0" numBranchPoints="5" visitedBranchPoints="0" sequenceCoverage="0" branchCoverage="0" maxCyclomaticComplexity="3" minCyclomaticComplexity="3" maxCrapScore="12" minCrapScore="12" visitedClasses="0" numClasses="0" visitedMethods="0" numMethods="1" />
              <MetadataToken>100663473</MetadataToken>
              <Name>System.Void SQLFitness.TreeGenome.DuplicateCounter::Visit(SQLFitness.PredicateNode)</Name>
              <FileRef uid="102" />
              <SequencePoints>
                <SequencePoint vc="0" uspid="1870" ordinal="0" offset="0" sl="35" sc="9" el="35" ec="10" bec="0" bev="0" fileid="102" />
                <SequencePoint vc="0" uspid="1871" ordinal="1" offset="1" sl="36" sc="13" el="36" ec="24" bec="2" bev="0" fileid="102" />
                <SequencePoint vc="0" uspid="1872" ordinal="2" offset="11" sl="37" sc="13" el="37" ec="14" bec="0" bev="0" fileid="102" />
                <SequencePoint vc="0" uspid="1873" ordinal="3" offset="12" sl="39" sc="13" el="39" ec="14" bec="0" bev="0" fileid="102" />
                <SequencePoint vc="0" uspid="1874" ordinal="4" offset="13" sl="41" sc="13" el="41" ec="60" bec="2" bev="0" fileid="102" />
                <SequencePoint vc="0" uspid="1875" ordinal="5" offset="29" sl="42" sc="13" el="42" ec="14" bec="0" bev="0" fileid="102" />
                <SequencePoint vc="0" uspid="1876" ordinal="6" offset="30" sl="43" sc="17" el="43" ec="50" bec="0" bev="0" fileid="102" />
                <SequencePoint vc="0" uspid="1877" ordinal="7" offset="56" sl="44" sc="13" el="44" ec="14" bec="0" bev="0" fileid="102" />
                <SequencePoint vc="0" uspid="1878" ordinal="8" offset="59" sl="46" sc="13" el="46" ec="14" bec="0" bev="0" fileid="102" />
                <SequencePoint vc="0" uspid="1879" ordinal="9" offset="60" sl="47" sc="17" el="47" ec="52" bec="0" bev="0" fileid="102" />
                <SequencePoint vc="0" uspid="1880" ordinal="10" offset="74" sl="48" sc="13" el="48" ec="14" bec="0" bev="0" fileid="102" />
                <SequencePoint vc="0" uspid="1881" ordinal="11" offset="75" sl="52" sc="9" el="52" ec="10" bec="0" bev="0" fileid="102" />
              </SequencePoints>
              <BranchPoints>
                <BranchPoint vc="0" uspid="1882" ordinal="0" offset="9" sl="36" path="0" offsetend="11" fileid="102" />
                <BranchPoint vc="0" uspid="1883" ordinal="1" offset="9" sl="36" path="1" offsetend="13" fileid="102" />
                <BranchPoint vc="0" uspid="1884" ordinal="2" offset="27" sl="41" path="0" offsetend="29" fileid="102" />
                <BranchPoint vc="0" uspid="1885" ordinal="3" offset="27" sl="41" path="1" offsetend="59" fileid="102" />
              </BranchPoints>
              <MethodPoint xsi:type="SequencePoint" vc="0" uspid="1870" ordinal="0" offset="0" sl="35" sc="9" el="35" ec="10" bec="0" bev="0" fileid="102" />
            </Method>
          </Methods>
        </Class>
      </Classes>
      <TrackedMethods />
    </Module>
  </Modules>
</CoverageSession>